INFO    2017-01-02 00:07:07,593 [http-nio-8080-exec-4] com.pramithas.controllers.LoginController  - Hi the user method is called adn the value of teh user variable is  org.springframework.security.authentication.UsernamePasswordAuthenticationToken@42bb3c92: Principal: org.springframework.security.core.userdetails.User@6a68dc6: Username: user1; Password: [PROTECTED]; Enabled: true; AccountNonExpired: true; credentialsNonExpired: true; AccountNonLocked: true; Granted Authorities: ROLE_USER; Credentials: [PROTECTED]; Authenticated: true; Details: org.springframework.security.web.authentication.WebAuthenticationDetails@b364: RemoteIpAddress: 0:0:0:0:0:0:0:1; SessionId: null; Granted Authorities: ROLE_USER
INFO    2017-01-02 00:07:13,448 [http-nio-8080-exec-5] com.pramithas.controllers.LoginController  - Hi the user method is called adn the value of teh user variable is  org.springframework.security.authentication.UsernamePasswordAuthenticationToken@42bb3c92: Principal: org.springframework.security.core.userdetails.User@6a68dc6: Username: user1; Password: [PROTECTED]; Enabled: true; AccountNonExpired: true; credentialsNonExpired: true; AccountNonLocked: true; Granted Authorities: ROLE_USER; Credentials: [PROTECTED]; Authenticated: true; Details: org.springframework.security.web.authentication.WebAuthenticationDetails@b364: RemoteIpAddress: 0:0:0:0:0:0:0:1; SessionId: null; Granted Authorities: ROLE_USER
INFO    2017-01-02 00:07:17,098 [http-nio-8080-exec-9] com.pramithas.controllers.LoginController  - Hi the user method is called adn the value of teh user variable is  org.springframework.security.authentication.UsernamePasswordAuthenticationToken@42bb3c92: Principal: org.springframework.security.core.userdetails.User@6a68dc6: Username: user1; Password: [PROTECTED]; Enabled: true; AccountNonExpired: true; credentialsNonExpired: true; AccountNonLocked: true; Granted Authorities: ROLE_USER; Credentials: [PROTECTED]; Authenticated: true; Details: org.springframework.security.web.authentication.WebAuthenticationDetails@b364: RemoteIpAddress: 0:0:0:0:0:0:0:1; SessionId: null; Granted Authorities: ROLE_USER
INFO    2017-01-02 00:07:49,058 [http-nio-8080-exec-1] com.pramithas.controllers.LoginController  - Hi the user method is called adn the value of teh user variable is  org.springframework.security.authentication.UsernamePasswordAuthenticationToken@42bb3c92: Principal: org.springframework.security.core.userdetails.User@6a68dc6: Username: user1; Password: [PROTECTED]; Enabled: true; AccountNonExpired: true; credentialsNonExpired: true; AccountNonLocked: true; Granted Authorities: ROLE_USER; Credentials: [PROTECTED]; Authenticated: true; Details: org.springframework.security.web.authentication.WebAuthenticationDetails@b364: RemoteIpAddress: 0:0:0:0:0:0:0:1; SessionId: null; Granted Authorities: ROLE_USER
INFO    2017-01-02 00:08:04,043 [http-nio-8080-exec-5] com.pramithas.controllers.LoginController  - Hi the user method is called adn the value of teh user variable is  org.springframework.security.authentication.UsernamePasswordAuthenticationToken@42bb3c92: Principal: org.springframework.security.core.userdetails.User@6a68dc6: Username: user1; Password: [PROTECTED]; Enabled: true; AccountNonExpired: true; credentialsNonExpired: true; AccountNonLocked: true; Granted Authorities: ROLE_USER; Credentials: [PROTECTED]; Authenticated: true; Details: org.springframework.security.web.authentication.WebAuthenticationDetails@b364: RemoteIpAddress: 0:0:0:0:0:0:0:1; SessionId: A804987A3F10BCB18BE6A6078A766253; Granted Authorities: ROLE_USER
INFO    2017-01-02 00:08:23,846 [http-nio-8080-exec-4] com.pramithas.controllers.LoginController  - Hi the user method is called adn the value of teh user variable is  org.springframework.security.authentication.UsernamePasswordAuthenticationToken@42bb3c92: Principal: org.springframework.security.core.userdetails.User@6a68dc6: Username: user1; Password: [PROTECTED]; Enabled: true; AccountNonExpired: true; credentialsNonExpired: true; AccountNonLocked: true; Granted Authorities: ROLE_USER; Credentials: [PROTECTED]; Authenticated: true; Details: org.springframework.security.web.authentication.WebAuthenticationDetails@b364: RemoteIpAddress: 0:0:0:0:0:0:0:1; SessionId: A804987A3F10BCB18BE6A6078A766253; Granted Authorities: ROLE_USER
INFO    2017-01-02 00:09:51,190 [restartedMain] com.pramithas.controllers.LoginController  - configure is called
INFO    2017-01-02 00:09:59,765 [http-nio-8080-exec-6] com.pramithas.controllers.LoginController  - Hi the user method is called adn the value of teh user variable is  org.springframework.security.authentication.UsernamePasswordAuthenticationToken@42bb3c92: Principal: org.springframework.security.core.userdetails.User@6a68dc6: Username: user1; Password: [PROTECTED]; Enabled: true; AccountNonExpired: true; credentialsNonExpired: true; AccountNonLocked: true; Granted Authorities: ROLE_USER; Credentials: [PROTECTED]; Authenticated: true; Details: org.springframework.security.web.authentication.WebAuthenticationDetails@b364: RemoteIpAddress: 0:0:0:0:0:0:0:1; SessionId: null; Granted Authorities: ROLE_USER
INFO    2017-01-02 00:10:19,987 [http-nio-8080-exec-2] com.pramithas.controllers.LoginController  - Hi the user method is called adn the value of teh user variable is  org.springframework.security.authentication.UsernamePasswordAuthenticationToken@42bb3c92: Principal: org.springframework.security.core.userdetails.User@6a68dc6: Username: user1; Password: [PROTECTED]; Enabled: true; AccountNonExpired: true; credentialsNonExpired: true; AccountNonLocked: true; Granted Authorities: ROLE_USER; Credentials: [PROTECTED]; Authenticated: true; Details: org.springframework.security.web.authentication.WebAuthenticationDetails@b364: RemoteIpAddress: 0:0:0:0:0:0:0:1; SessionId: A804987A3F10BCB18BE6A6078A766253; Granted Authorities: ROLE_USER
INFO    2017-01-02 00:10:28,240 [http-nio-8080-exec-7] com.pramithas.controllers.LoginController  - Hi the user method is called adn the value of teh user variable is  org.springframework.security.authentication.UsernamePasswordAuthenticationToken@42bb3c92: Principal: org.springframework.security.core.userdetails.User@6a68dc6: Username: user1; Password: [PROTECTED]; Enabled: true; AccountNonExpired: true; credentialsNonExpired: true; AccountNonLocked: true; Granted Authorities: ROLE_USER; Credentials: [PROTECTED]; Authenticated: true; Details: org.springframework.security.web.authentication.WebAuthenticationDetails@b364: RemoteIpAddress: 0:0:0:0:0:0:0:1; SessionId: A804987A3F10BCB18BE6A6078A766253; Granted Authorities: ROLE_USER
INFO    2017-01-02 00:10:36,137 [http-nio-8080-exec-2] com.pramithas.controllers.LoginController  - Hi the user method is called adn the value of teh user variable is  org.springframework.security.authentication.UsernamePasswordAuthenticationToken@42bb3c92: Principal: org.springframework.security.core.userdetails.User@6a68dc6: Username: user1; Password: [PROTECTED]; Enabled: true; AccountNonExpired: true; credentialsNonExpired: true; AccountNonLocked: true; Granted Authorities: ROLE_USER; Credentials: [PROTECTED]; Authenticated: true; Details: org.springframework.security.web.authentication.WebAuthenticationDetails@b364: RemoteIpAddress: 0:0:0:0:0:0:0:1; SessionId: A804987A3F10BCB18BE6A6078A766253; Granted Authorities: ROLE_USER
INFO    2017-01-02 00:10:38,174 [http-nio-8080-exec-8] com.pramithas.controllers.LoginController  - Hi the user method is called adn the value of teh user variable is  org.springframework.security.authentication.UsernamePasswordAuthenticationToken@42bb3c92: Principal: org.springframework.security.core.userdetails.User@6a68dc6: Username: user1; Password: [PROTECTED]; Enabled: true; AccountNonExpired: true; credentialsNonExpired: true; AccountNonLocked: true; Granted Authorities: ROLE_USER; Credentials: [PROTECTED]; Authenticated: true; Details: org.springframework.security.web.authentication.WebAuthenticationDetails@b364: RemoteIpAddress: 0:0:0:0:0:0:0:1; SessionId: A804987A3F10BCB18BE6A6078A766253; Granted Authorities: ROLE_USER
INFO    2017-01-02 00:10:45,255 [http-nio-8080-exec-9] com.pramithas.controllers.LoginController  - Hi the user method is called adn the value of teh user variable is  org.springframework.security.authentication.UsernamePasswordAuthenticationToken@42bb3c92: Principal: org.springframework.security.core.userdetails.User@6a68dc6: Username: user1; Password: [PROTECTED]; Enabled: true; AccountNonExpired: true; credentialsNonExpired: true; AccountNonLocked: true; Granted Authorities: ROLE_USER; Credentials: [PROTECTED]; Authenticated: true; Details: org.springframework.security.web.authentication.WebAuthenticationDetails@b364: RemoteIpAddress: 0:0:0:0:0:0:0:1; SessionId: A804987A3F10BCB18BE6A6078A766253; Granted Authorities: ROLE_USER
INFO    2017-01-02 00:11:36,850 [http-nio-8080-exec-9] com.pramithas.controllers.LoginController  - Hi the user method is called adn the value of teh user variable is  org.springframework.security.authentication.UsernamePasswordAuthenticationToken@42b995da: Principal: org.springframework.security.core.userdetails.User@6a68dc6: Username: user1; Password: [PROTECTED]; Enabled: true; AccountNonExpired: true; credentialsNonExpired: true; AccountNonLocked: true; Granted Authorities: ROLE_USER; Credentials: [PROTECTED]; Authenticated: true; Details: org.springframework.security.web.authentication.WebAuthenticationDetails@21a2c: RemoteIpAddress: 0:0:0:0:0:0:0:1; SessionId: 79DE950E6C9DAABA881DE4D1D6BE7A48; Granted Authorities: ROLE_USER
INFO    2017-01-02 00:11:48,146 [http-nio-8080-exec-1] com.pramithas.controllers.LoginController  - Hi the user method is called adn the value of teh user variable is  org.springframework.security.authentication.UsernamePasswordAuthenticationToken@42b995da: Principal: org.springframework.security.core.userdetails.User@6a68dc6: Username: user1; Password: [PROTECTED]; Enabled: true; AccountNonExpired: true; credentialsNonExpired: true; AccountNonLocked: true; Granted Authorities: ROLE_USER; Credentials: [PROTECTED]; Authenticated: true; Details: org.springframework.security.web.authentication.WebAuthenticationDetails@21a2c: RemoteIpAddress: 0:0:0:0:0:0:0:1; SessionId: 79DE950E6C9DAABA881DE4D1D6BE7A48; Granted Authorities: ROLE_USER
INFO    2017-01-02 00:11:57,985 [http-nio-8080-exec-6] com.pramithas.controllers.LoginController  - Hi the user method is called adn the value of teh user variable is  org.springframework.security.authentication.UsernamePasswordAuthenticationToken@42b995da: Principal: org.springframework.security.core.userdetails.User@6a68dc6: Username: user1; Password: [PROTECTED]; Enabled: true; AccountNonExpired: true; credentialsNonExpired: true; AccountNonLocked: true; Granted Authorities: ROLE_USER; Credentials: [PROTECTED]; Authenticated: true; Details: org.springframework.security.web.authentication.WebAuthenticationDetails@21a2c: RemoteIpAddress: 0:0:0:0:0:0:0:1; SessionId: 79DE950E6C9DAABA881DE4D1D6BE7A48; Granted Authorities: ROLE_USER
INFO    2017-01-02 00:12:18,474 [http-nio-8080-exec-1] com.pramithas.controllers.LoginController  - Hi the user method is called adn the value of teh user variable is  org.springframework.security.authentication.UsernamePasswordAuthenticationToken@42bb3c92: Principal: org.springframework.security.core.userdetails.User@6a68dc6: Username: user1; Password: [PROTECTED]; Enabled: true; AccountNonExpired: true; credentialsNonExpired: true; AccountNonLocked: true; Granted Authorities: ROLE_USER; Credentials: [PROTECTED]; Authenticated: true; Details: org.springframework.security.web.authentication.WebAuthenticationDetails@b364: RemoteIpAddress: 0:0:0:0:0:0:0:1; SessionId: null; Granted Authorities: ROLE_USER
INFO    2017-01-02 00:12:26,533 [http-nio-8080-exec-10] com.pramithas.controllers.LoginController  - Hi the user method is called adn the value of teh user variable is  org.springframework.security.authentication.UsernamePasswordAuthenticationToken@42bb3c92: Principal: org.springframework.security.core.userdetails.User@6a68dc6: Username: user1; Password: [PROTECTED]; Enabled: true; AccountNonExpired: true; credentialsNonExpired: true; AccountNonLocked: true; Granted Authorities: ROLE_USER; Credentials: [PROTECTED]; Authenticated: true; Details: org.springframework.security.web.authentication.WebAuthenticationDetails@b364: RemoteIpAddress: 0:0:0:0:0:0:0:1; SessionId: 91EBB337B503C8FAFE8DFCC383868068; Granted Authorities: ROLE_USER
INFO    2017-01-02 00:12:30,917 [http-nio-8080-exec-9] com.pramithas.controllers.LoginController  - Hi the user method is called adn the value of teh user variable is  org.springframework.security.authentication.UsernamePasswordAuthenticationToken@42bb8ff6: Principal: org.springframework.security.core.userdetails.User@6a68dc6: Username: user1; Password: [PROTECTED]; Enabled: true; AccountNonExpired: true; credentialsNonExpired: true; AccountNonLocked: true; Granted Authorities: ROLE_USER; Credentials: [PROTECTED]; Authenticated: true; Details: org.springframework.security.web.authentication.WebAuthenticationDetails@0: RemoteIpAddress: 0:0:0:0:0:0:0:1; SessionId: 9674F647E78E6A82028F68E6963D6518; Granted Authorities: ROLE_USER
INFO    2017-01-02 00:12:46,000 [http-nio-8080-exec-8] com.pramithas.controllers.LoginController  - Hi the user method is called adn the value of teh user variable is  org.springframework.security.authentication.UsernamePasswordAuthenticationToken@42bb3c92: Principal: org.springframework.security.core.userdetails.User@6a68dc6: Username: user1; Password: [PROTECTED]; Enabled: true; AccountNonExpired: true; credentialsNonExpired: true; AccountNonLocked: true; Granted Authorities: ROLE_USER; Credentials: [PROTECTED]; Authenticated: true; Details: org.springframework.security.web.authentication.WebAuthenticationDetails@b364: RemoteIpAddress: 0:0:0:0:0:0:0:1; SessionId: null; Granted Authorities: ROLE_USER
INFO    2017-01-02 00:12:50,541 [http-nio-8080-exec-10] com.pramithas.controllers.LoginController  - Hi the user method is called adn the value of teh user variable is  org.springframework.security.authentication.UsernamePasswordAuthenticationToken@42bb3c92: Principal: org.springframework.security.core.userdetails.User@6a68dc6: Username: user1; Password: [PROTECTED]; Enabled: true; AccountNonExpired: true; credentialsNonExpired: true; AccountNonLocked: true; Granted Authorities: ROLE_USER; Credentials: [PROTECTED]; Authenticated: true; Details: org.springframework.security.web.authentication.WebAuthenticationDetails@b364: RemoteIpAddress: 0:0:0:0:0:0:0:1; SessionId: null; Granted Authorities: ROLE_USER
INFO    2017-01-02 00:13:09,692 [http-nio-8080-exec-5] com.pramithas.controllers.LoginController  - Hi the user method is called adn the value of teh user variable is  org.springframework.security.authentication.UsernamePasswordAuthenticationToken@42bb3c92: Principal: org.springframework.security.core.userdetails.User@6a68dc6: Username: user1; Password: [PROTECTED]; Enabled: true; AccountNonExpired: true; credentialsNonExpired: true; AccountNonLocked: true; Granted Authorities: ROLE_USER; Credentials: [PROTECTED]; Authenticated: true; Details: org.springframework.security.web.authentication.WebAuthenticationDetails@b364: RemoteIpAddress: 0:0:0:0:0:0:0:1; SessionId: null; Granted Authorities: ROLE_USER
INFO    2017-01-02 00:13:19,845 [http-nio-8080-exec-8] com.pramithas.controllers.LoginController  - Hi the user method is called adn the value of teh user variable is  org.springframework.security.authentication.UsernamePasswordAuthenticationToken@42bb3c92: Principal: org.springframework.security.core.userdetails.User@6a68dc6: Username: user1; Password: [PROTECTED]; Enabled: true; AccountNonExpired: true; credentialsNonExpired: true; AccountNonLocked: true; Granted Authorities: ROLE_USER; Credentials: [PROTECTED]; Authenticated: true; Details: org.springframework.security.web.authentication.WebAuthenticationDetails@b364: RemoteIpAddress: 0:0:0:0:0:0:0:1; SessionId: null; Granted Authorities: ROLE_USER
INFO    2017-01-02 00:13:22,889 [http-nio-8080-exec-5] com.pramithas.controllers.LoginController  - Hi the user method is called adn the value of teh user variable is  org.springframework.security.authentication.UsernamePasswordAuthenticationToken@42bb3c92: Principal: org.springframework.security.core.userdetails.User@6a68dc6: Username: user1; Password: [PROTECTED]; Enabled: true; AccountNonExpired: true; credentialsNonExpired: true; AccountNonLocked: true; Granted Authorities: ROLE_USER; Credentials: [PROTECTED]; Authenticated: true; Details: org.springframework.security.web.authentication.WebAuthenticationDetails@b364: RemoteIpAddress: 0:0:0:0:0:0:0:1; SessionId: null; Granted Authorities: ROLE_USER
INFO    2017-01-02 00:13:48,093 [http-nio-8080-exec-9] com.pramithas.controllers.LoginController  - Hi the user method is called adn the value of teh user variable is  org.springframework.security.authentication.UsernamePasswordAuthenticationToken@42bb3c92: Principal: org.springframework.security.core.userdetails.User@6a68dc6: Username: user1; Password: [PROTECTED]; Enabled: true; AccountNonExpired: true; credentialsNonExpired: true; AccountNonLocked: true; Granted Authorities: ROLE_USER; Credentials: [PROTECTED]; Authenticated: true; Details: org.springframework.security.web.authentication.WebAuthenticationDetails@b364: RemoteIpAddress: 0:0:0:0:0:0:0:1; SessionId: null; Granted Authorities: ROLE_USER
INFO    2017-01-02 00:13:52,539 [http-nio-8080-exec-3] com.pramithas.controllers.LoginController  - Hi the user method is called adn the value of teh user variable is  org.springframework.security.authentication.UsernamePasswordAuthenticationToken@42bb3c92: Principal: org.springframework.security.core.userdetails.User@6a68dc6: Username: user1; Password: [PROTECTED]; Enabled: true; AccountNonExpired: true; credentialsNonExpired: true; AccountNonLocked: true; Granted Authorities: ROLE_USER; Credentials: [PROTECTED]; Authenticated: true; Details: org.springframework.security.web.authentication.WebAuthenticationDetails@b364: RemoteIpAddress: 0:0:0:0:0:0:0:1; SessionId: null; Granted Authorities: ROLE_USER
INFO    2017-01-02 00:14:03,945 [http-nio-8080-exec-3] com.pramithas.controllers.LoginController  - Hi the user method is called adn the value of teh user variable is  org.springframework.security.authentication.UsernamePasswordAuthenticationToken@42bb3c92: Principal: org.springframework.security.core.userdetails.User@6a68dc6: Username: user1; Password: [PROTECTED]; Enabled: true; AccountNonExpired: true; credentialsNonExpired: true; AccountNonLocked: true; Granted Authorities: ROLE_USER; Credentials: [PROTECTED]; Authenticated: true; Details: org.springframework.security.web.authentication.WebAuthenticationDetails@b364: RemoteIpAddress: 0:0:0:0:0:0:0:1; SessionId: null; Granted Authorities: ROLE_USER
INFO    2017-01-02 00:14:15,209 [http-nio-8080-exec-4] com.pramithas.controllers.LoginController  - Hi the user method is called adn the value of teh user variable is  org.springframework.security.authentication.UsernamePasswordAuthenticationToken@42bb3c92: Principal: org.springframework.security.core.userdetails.User@6a68dc6: Username: user1; Password: [PROTECTED]; Enabled: true; AccountNonExpired: true; credentialsNonExpired: true; AccountNonLocked: true; Granted Authorities: ROLE_USER; Credentials: [PROTECTED]; Authenticated: true; Details: org.springframework.security.web.authentication.WebAuthenticationDetails@b364: RemoteIpAddress: 0:0:0:0:0:0:0:1; SessionId: null; Granted Authorities: ROLE_USER
INFO    2017-01-02 00:14:22,398 [http-nio-8080-exec-5] com.pramithas.controllers.LoginController  - Hi the user method is called adn the value of teh user variable is  org.springframework.security.authentication.UsernamePasswordAuthenticationToken@42bb3c92: Principal: org.springframework.security.core.userdetails.User@6a68dc6: Username: user1; Password: [PROTECTED]; Enabled: true; AccountNonExpired: true; credentialsNonExpired: true; AccountNonLocked: true; Granted Authorities: ROLE_USER; Credentials: [PROTECTED]; Authenticated: true; Details: org.springframework.security.web.authentication.WebAuthenticationDetails@b364: RemoteIpAddress: 0:0:0:0:0:0:0:1; SessionId: null; Granted Authorities: ROLE_USER
INFO    2017-01-02 00:14:32,354 [http-nio-8080-exec-8] com.pramithas.controllers.LoginController  - Hi the user method is called adn the value of teh user variable is  org.springframework.security.authentication.UsernamePasswordAuthenticationToken@42bb3c92: Principal: org.springframework.security.core.userdetails.User@6a68dc6: Username: user1; Password: [PROTECTED]; Enabled: true; AccountNonExpired: true; credentialsNonExpired: true; AccountNonLocked: true; Granted Authorities: ROLE_USER; Credentials: [PROTECTED]; Authenticated: true; Details: org.springframework.security.web.authentication.WebAuthenticationDetails@b364: RemoteIpAddress: 0:0:0:0:0:0:0:1; SessionId: null; Granted Authorities: ROLE_USER
INFO    2017-01-02 09:21:30,905 [restartedMain] com.pramithas.controllers.LoginController  - configure is called
INFO    2017-01-02 09:22:44,162 [restartedMain] com.pramithas.controllers.LoginController  - configure is called
INFO    2017-01-02 09:27:37,869 [restartedMain] com.pramithas.controllers.LoginController  - configure is called
INFO    2017-01-02 09:28:08,174 [restartedMain] com.pramithas.controllers.LoginController  - configure is called
INFO    2017-01-02 09:28:18,882 [restartedMain] com.pramithas.controllers.LoginController  - configure is called
INFO    2017-01-02 09:28:34,955 [restartedMain] com.pramithas.controllers.LoginController  - configure is called
INFO    2017-01-02 09:30:30,473 [restartedMain] com.pramithas.controllers.LoginController  - configure is called
INFO    2017-01-02 09:56:46,417 [http-nio-8080-exec-7] com.pramithas.controllers.LoginController  - Hi the user method is called adn the value of teh user variable is  org.springframework.security.authentication.UsernamePasswordAuthenticationToken@bd44c36a: Principal: org.springframework.security.core.userdetails.User@6a68dc6: Username: user1; Password: [PROTECTED]; Enabled: true; AccountNonExpired: true; credentialsNonExpired: true; AccountNonLocked: true; Granted Authorities: ROLE_USER; Credentials: [PROTECTED]; Authenticated: true; Details: org.springframework.security.web.authentication.WebAuthenticationDetails@ffff4c9c: RemoteIpAddress: 0:0:0:0:0:0:0:1; SessionId: C5A687A0B14BCE7EFB10117B2BADB835; Granted Authorities: ROLE_USER
INFO    2017-01-02 10:00:01,061 [http-nio-8080-exec-4] com.pramithas.controllers.LoginController  - Hi the user method is called adn the value of teh user variable is  org.springframework.security.authentication.UsernamePasswordAuthenticationToken@42bb3c92: Principal: org.springframework.security.core.userdetails.User@6a68dc6: Username: user1; Password: [PROTECTED]; Enabled: true; AccountNonExpired: true; credentialsNonExpired: true; AccountNonLocked: true; Granted Authorities: ROLE_USER; Credentials: [PROTECTED]; Authenticated: true; Details: org.springframework.security.web.authentication.WebAuthenticationDetails@b364: RemoteIpAddress: 0:0:0:0:0:0:0:1; SessionId: null; Granted Authorities: ROLE_USER
INFO    2017-01-02 10:03:32,939 [http-nio-8080-exec-3] com.pramithas.controllers.LoginController  - Hi the user method is called adn the value of teh user variable is  org.springframework.security.authentication.UsernamePasswordAuthenticationToken@42b995da: Principal: org.springframework.security.core.userdetails.User@6a68dc6: Username: user1; Password: [PROTECTED]; Enabled: true; AccountNonExpired: true; credentialsNonExpired: true; AccountNonLocked: true; Granted Authorities: ROLE_USER; Credentials: [PROTECTED]; Authenticated: true; Details: org.springframework.security.web.authentication.WebAuthenticationDetails@21a2c: RemoteIpAddress: 0:0:0:0:0:0:0:1; SessionId: 5CCEF7EEB759447F401A11C27F09B8FE; Granted Authorities: ROLE_USER
INFO    2017-01-02 10:08:42,620 [restartedMain] com.pramithas.controllers.LoginController  - configure is called
INFO    2017-01-02 10:08:56,535 [http-nio-8080-exec-5] com.pramithas.controllers.LoginController  - Hi the user method is called adn the value of teh user variable is  org.springframework.security.authentication.UsernamePasswordAuthenticationToken@42bb3c92: Principal: org.springframework.security.core.userdetails.User@6a68dc6: Username: user1; Password: [PROTECTED]; Enabled: true; AccountNonExpired: true; credentialsNonExpired: true; AccountNonLocked: true; Granted Authorities: ROLE_USER; Credentials: [PROTECTED]; Authenticated: true; Details: org.springframework.security.web.authentication.WebAuthenticationDetails@b364: RemoteIpAddress: 0:0:0:0:0:0:0:1; SessionId: null; Granted Authorities: ROLE_USER
INFO    2017-01-02 10:13:00,864 [restartedMain] com.pramithas.controllers.LoginController  - configure is called
INFO    2017-01-02 10:13:50,633 [restartedMain] com.pramithas.controllers.LoginController  - configure is called
INFO    2017-01-02 10:14:07,733 [restartedMain] com.pramithas.controllers.LoginController  - configure is called
INFO    2017-01-02 10:16:10,356 [restartedMain] com.pramithas.controllers.LoginController  - configure is called
INFO    2017-01-02 10:17:59,468 [restartedMain] com.pramithas.controllers.LoginController  - configure is called
INFO    2017-01-02 10:18:57,685 [restartedMain] com.pramithas.controllers.LoginController  - configure is called
INFO    2017-01-02 10:21:51,803 [restartedMain] com.pramithas.controllers.LoginController  - configure is called
INFO    2017-01-02 10:21:59,167 [restartedMain] com.pramithas.controllers.LoginController  - configure is called
INFO    2017-01-02 10:23:26,797 [restartedMain] com.pramithas.controllers.LoginController  - configure is called
INFO    2017-01-02 10:24:38,443 [restartedMain] com.pramithas.controllers.LoginController  - configure is called
INFO    2017-01-02 10:26:07,857 [restartedMain] com.pramithas.controllers.LoginController  - configure is called
INFO    2017-01-02 10:27:03,050 [restartedMain] com.pramithas.controllers.LoginController  - configure is called
INFO    2017-01-02 10:28:00,557 [restartedMain] com.pramithas.controllers.LoginController  - configure is called
INFO    2017-01-02 10:28:45,217 [restartedMain] com.pramithas.controllers.LoginController  - configure is called
INFO    2017-01-02 10:29:12,167 [restartedMain] com.pramithas.controllers.LoginController  - configure is called
INFO    2017-01-02 10:30:25,355 [restartedMain] com.pramithas.controllers.LoginController  - configure is called
INFO    2017-01-02 10:31:04,255 [restartedMain] com.pramithas.controllers.LoginController  - configure is called
INFO    2017-01-02 10:31:42,941 [restartedMain] com.pramithas.controllers.LoginController  - configure is called
INFO    2017-01-02 10:32:24,733 [restartedMain] com.pramithas.controllers.LoginController  - configure is called
INFO    2017-01-02 10:32:52,092 [restartedMain] com.pramithas.controllers.LoginController  - configure is called
INFO    2017-01-02 10:33:51,525 [restartedMain] com.pramithas.controllers.LoginController  - configure is called
INFO    2017-01-02 10:34:49,953 [restartedMain] com.pramithas.controllers.LoginController  - configure is called
INFO    2017-01-02 10:35:27,074 [restartedMain] com.pramithas.controllers.LoginController  - configure is called
INFO    2017-01-02 10:37:55,242 [restartedMain] com.pramithas.controllers.LoginController  - configure is called
INFO    2017-01-02 10:46:35,221 [restartedMain] com.pramithas.controllers.LoginController  - configure is called
INFO    2017-01-02 11:01:47,292 [restartedMain] com.pramithas.controllers.LoginController  - configure is called
INFO    2017-01-02 11:03:36,878 [restartedMain] com.pramithas.controllers.LoginController  - configure is called
INFO    2017-01-02 11:05:02,910 [restartedMain] com.pramithas.controllers.LoginController  - configure is called
INFO    2017-01-02 11:05:43,142 [restartedMain] com.pramithas.controllers.LoginController  - configure is called
INFO    2017-01-02 11:06:05,897 [restartedMain] com.pramithas.controllers.LoginController  - configure is called
INFO    2017-01-02 11:06:27,070 [restartedMain] com.pramithas.controllers.LoginController  - configure is called
INFO    2017-01-02 11:07:25,494 [restartedMain] com.pramithas.controllers.LoginController  - configure is called
INFO    2017-01-02 11:09:05,240 [restartedMain] com.pramithas.controllers.LoginController  - configure is called
INFO    2017-01-02 11:10:32,565 [restartedMain] com.pramithas.controllers.LoginController  - configure is called
INFO    2017-01-02 11:10:52,664 [restartedMain] com.pramithas.controllers.LoginController  - configure is called
INFO    2017-01-02 11:11:28,914 [restartedMain] com.pramithas.controllers.LoginController  - configure is called
INFO    2017-01-02 11:20:25,194 [restartedMain] com.pramithas.controllers.LoginController  - configure is called
INFO    2017-01-02 11:27:45,888 [restartedMain] com.pramithas.controllers.LoginController  - configure is called
INFO    2017-01-02 11:41:23,466 [restartedMain] com.pramithas.controllers.LoginController  - configure is called
INFO    2017-01-02 13:04:51,325 [http-nio-8080-exec-3] com.pramithas.controllers.LoginController  - Hey the user isnull
INFO    2017-01-02 13:04:53,169 [http-nio-8080-exec-9] com.pramithas.controllers.LoginController  - Hey the user isnull
INFO    2017-01-02 13:04:55,002 [http-nio-8080-exec-5] com.pramithas.controllers.LoginController  - Hey the user isnull
INFO    2017-01-02 13:08:15,879 [http-nio-8080-exec-8] com.pramithas.controllers.LoginController  - Hey the user isnull
INFO    2017-01-02 13:08:18,906 [http-nio-8080-exec-9] com.pramithas.controllers.LoginController  - Hey the user isnull
INFO    2017-01-02 13:08:19,699 [http-nio-8080-exec-10] com.pramithas.controllers.LoginController  - Hey the user isnull
INFO    2017-01-02 13:09:00,228 [http-nio-8080-exec-7] com.pramithas.controllers.LoginController  - Hey the user isnull
INFO    2017-01-02 13:09:00,596 [http-nio-8080-exec-9] com.pramithas.controllers.LoginController  - Hey the user isnull
INFO    2017-01-02 13:09:03,046 [http-nio-8080-exec-3] com.pramithas.controllers.LoginController  - Hey the user isnull
INFO    2017-01-02 13:17:11,213 [http-nio-8080-exec-7] com.pramithas.controllers.LoginController  - Hey the user isnull
INFO    2017-01-02 13:17:13,485 [http-nio-8080-exec-10] com.pramithas.controllers.LoginController  - Hey the user isnull
INFO    2017-01-02 13:18:08,104 [http-nio-8080-exec-9] com.pramithas.controllers.LoginController  - Hey the user isnull
INFO    2017-01-02 13:32:10,511 [http-nio-8080-exec-4] com.pramithas.controllers.LoginController  - callllllllllllllllllllllled
INFO    2017-01-02 13:32:10,788 [http-nio-8080-exec-6] com.pramithas.controllers.LoginController  - callllllllllllllllllllllled
INFO    2017-01-02 13:32:14,609 [http-nio-8080-exec-7] com.pramithas.controllers.LoginController  - callllllllllllllllllllllled
INFO    2017-01-02 13:32:22,901 [http-nio-8080-exec-3] com.pramithas.controllers.LoginController  - callllllllllllllllllllllled
INFO    2017-01-02 13:32:24,969 [http-nio-8080-exec-1] com.pramithas.controllers.LoginController  - callllllllllllllllllllllled
INFO    2017-01-02 13:32:25,561 [http-nio-8080-exec-5] com.pramithas.controllers.LoginController  - callllllllllllllllllllllled
INFO    2017-01-02 23:36:26,422 [http-nio-8080-exec-1] com.pramithas.controllers.LoginController  - controller has been called . fuck yeah!!!!!!!!!
INFO    2017-01-02 23:36:29,027 [http-nio-8080-exec-6] com.pramithas.controllers.LoginController  - controller has been called . fuck yeah!!!!!!!!!
INFO    2017-01-02 23:36:41,689 [http-nio-8080-exec-10] com.pramithas.controllers.LoginController  - controller has been called . fuck yeah!!!!!!!!!
INFO    2017-01-02 23:38:36,446 [http-nio-8080-exec-5] com.pramithas.controllers.LoginController  - controller has been called . fuck yeah!!!!!!!!!
INFO    2017-01-02 23:38:38,138 [http-nio-8080-exec-7] com.pramithas.controllers.LoginController  - controller has been called . fuck yeah!!!!!!!!!
INFO    2017-01-02 23:38:46,844 [http-nio-8080-exec-6] com.pramithas.controllers.LoginController  - controller has been called . fuck yeah!!!!!!!!!
INFO    2017-01-02 23:39:31,643 [http-nio-8080-exec-8] com.pramithas.controllers.LoginController  - controller has been called . fuck yeah!!!!!!!!!
INFO    2017-01-02 23:39:33,297 [http-nio-8080-exec-3] com.pramithas.controllers.LoginController  - controller has been called . fuck yeah!!!!!!!!!
INFO    2017-01-02 23:39:45,472 [http-nio-8080-exec-4] com.pramithas.controllers.LoginController  - controller has been called . fuck yeah!!!!!!!!!
INFO    2017-01-02 23:41:34,063 [http-nio-8080-exec-9] com.pramithas.controllers.LoginController  - controller has been called . fuck yeah!!!!!!!!!
INFO    2017-01-02 23:41:35,534 [http-nio-8080-exec-10] com.pramithas.controllers.LoginController  - controller has been called . fuck yeah!!!!!!!!!
INFO    2017-01-02 23:41:43,469 [http-nio-8080-exec-4] com.pramithas.controllers.LoginController  - controller has been called . fuck yeah!!!!!!!!!
INFO    2017-01-02 23:56:20,942 [http-nio-8080-exec-2] com.pramithas.controllers.LoginController  - controller has been called . fuck yeah!!!!!!!!!
INFO    2017-01-02 23:56:29,482 [http-nio-8080-exec-2] com.pramithas.controllers.LoginController  - controller has been called . fuck yeah!!!!!!!!!
INFO    2017-01-02 23:56:35,234 [http-nio-8080-exec-4] com.pramithas.controllers.LoginController  - controller has been called . fuck yeah!!!!!!!!!
INFO    2017-01-02 23:57:03,136 [http-nio-8080-exec-1] com.pramithas.controllers.LoginController  - controller has been called . fuck yeah!!!!!!!!!
INFO    2017-01-03 00:00:47,380 [http-nio-8080-exec-3] com.pramithas.controllers.LoginController  - controller has been called . fuck yeah!!!!!!!!!
INFO    2017-01-03 00:00:49,157 [http-nio-8080-exec-5] com.pramithas.controllers.LoginController  - controller has been called . fuck yeah!!!!!!!!!
INFO    2017-01-03 00:01:02,477 [http-nio-8080-exec-2] com.pramithas.controllers.LoginController  - controller has been called . fuck yeah!!!!!!!!!
INFO    2017-01-03 00:14:13,951 [http-nio-8080-exec-10] com.pramithas.controllers.LoginController  - controller has been called . fuck yeah!!!!!!!!!
INFO    2017-01-03 00:14:15,842 [http-nio-8080-exec-6] com.pramithas.controllers.LoginController  - controller has been called . fuck yeah!!!!!!!!!
INFO    2017-01-03 00:14:48,967 [http-nio-8080-exec-2] com.pramithas.controllers.LoginController  - controller has been called . fuck yeah!!!!!!!!!
INFO    2017-01-03 00:16:33,916 [http-nio-8080-exec-7] com.pramithas.controllers.LoginController  - controller has been called . fuck yeah!!!!!!!!!
INFO    2017-01-03 00:16:39,442 [http-nio-8080-exec-6] com.pramithas.controllers.LoginController  - controller has been called . fuck yeah!!!!!!!!!
INFO    2017-01-03 00:16:42,250 [http-nio-8080-exec-10] com.pramithas.controllers.LoginController  - controller has been called . fuck yeah!!!!!!!!!
INFO    2017-01-03 00:16:43,748 [http-nio-8080-exec-6] com.pramithas.controllers.LoginController  - controller has been called . fuck yeah!!!!!!!!!
INFO    2017-01-03 00:24:53,431 [http-nio-8080-exec-5] com.pramithas.controllers.LoginController  - controller has been called . fuck yeah!!!!!!!!!
INFO    2017-01-03 00:24:55,204 [http-nio-8080-exec-1] com.pramithas.controllers.LoginController  - controller has been called . fuck yeah!!!!!!!!!
INFO    2017-01-03 00:24:57,075 [http-nio-8080-exec-6] com.pramithas.controllers.LoginController  - controller has been called . fuck yeah!!!!!!!!!
INFO    2017-01-03 00:25:32,212 [http-nio-8080-exec-8] com.pramithas.controllers.LoginController  - controller has been called . fuck yeah!!!!!!!!!
INFO    2017-01-03 00:26:42,738 [http-nio-8080-exec-1] com.pramithas.controllers.LoginController  - controller has been called . fuck yeah!!!!!!!!!
INFO    2017-01-03 00:27:33,395 [http-nio-8080-exec-6] com.pramithas.controllers.LoginController  - controller has been called . fuck yeah!!!!!!!!!
INFO    2017-01-03 00:27:35,003 [http-nio-8080-exec-1] com.pramithas.controllers.LoginController  - controller has been called . fuck yeah!!!!!!!!!
INFO    2017-01-03 00:27:38,539 [http-nio-8080-exec-8] com.pramithas.controllers.LoginController  - controller has been called . fuck yeah!!!!!!!!!
INFO    2017-01-03 00:27:51,803 [http-nio-8080-exec-10] com.pramithas.controllers.LoginController  - controller has been called . fuck yeah!!!!!!!!!
INFO    2017-01-03 00:27:53,075 [http-nio-8080-exec-1] com.pramithas.controllers.LoginController  - controller has been called . fuck yeah!!!!!!!!!
INFO    2017-01-03 00:27:53,662 [http-nio-8080-exec-5] com.pramithas.controllers.LoginController  - controller has been called . fuck yeah!!!!!!!!!
INFO    2017-01-03 00:30:23,157 [http-nio-8080-exec-4] com.pramithas.controllers.LoginController  - controller has been called . fuck yeah!!!!!!!!!
INFO    2017-01-03 00:30:36,103 [http-nio-8080-exec-9] com.pramithas.controllers.LoginController  - controller has been called . fuck yeah!!!!!!!!!
INFO    2017-01-03 00:30:41,492 [http-nio-8080-exec-8] com.pramithas.controllers.LoginController  - controller has been called . fuck yeah!!!!!!!!!
INFO    2017-01-03 00:30:59,556 [http-nio-8080-exec-4] com.pramithas.controllers.LoginController  - controller has been called . fuck yeah!!!!!!!!!
INFO    2017-01-03 00:41:15,928 [http-nio-8080-exec-7] com.pramithas.controllers.LoginController  - controller has been called . fuck yeah!!!!!!!!!
INFO    2017-01-03 00:41:35,775 [http-nio-8080-exec-6] com.pramithas.controllers.LoginController  - controller has been called . fuck yeah!!!!!!!!!
INFO    2017-01-03 00:41:45,574 [http-nio-8080-exec-4] com.pramithas.controllers.LoginController  - controller has been called . fuck yeah!!!!!!!!!
INFO    2017-01-03 00:43:16,027 [http-nio-8080-exec-1] com.pramithas.controllers.LoginController  - controller has been called . fuck yeah!!!!!!!!!
INFO    2017-01-03 00:43:17,789 [http-nio-8080-exec-8] com.pramithas.controllers.LoginController  - controller has been called . fuck yeah!!!!!!!!!
INFO    2017-01-03 00:43:26,913 [http-nio-8080-exec-7] com.pramithas.controllers.LoginController  - controller has been called . fuck yeah!!!!!!!!!
INFO    2017-01-03 00:51:57,599 [restartedMain] com.pramithas.configuration.SecurityConfiguration  - configure global security has been called
INFO    2017-01-03 00:51:58,083 [restartedMain] com.pramithas.configuration.SecurityConfiguration  - oh noooooooooo
INFO    2017-01-03 00:52:15,502 [http-nio-8080-exec-6] com.pramithas.controllers.LoginController  - controller has been called . fuck yeah!!!!!!!!!
INFO    2017-01-03 00:52:17,875 [http-nio-8080-exec-8] com.pramithas.controllers.LoginController  - controller has been called . fuck yeah!!!!!!!!!
INFO    2017-01-03 00:52:30,779 [http-nio-8080-exec-3] com.pramithas.controllers.LoginController  - controller has been called . fuck yeah!!!!!!!!!
INFO    2017-01-03 00:54:59,275 [restartedMain] com.pramithas.configuration.SecurityConfiguration  - configure global security has been called
INFO    2017-01-03 00:55:01,136 [http-nio-8080-exec-7] com.pramithas.controllers.LoginController  - controller has been called . fuck yeah!!!!!!!!!
INFO    2017-01-03 00:55:04,263 [http-nio-8080-exec-2] com.pramithas.controllers.LoginController  - controller has been called . fuck yeah!!!!!!!!!
INFO    2017-01-03 00:55:23,159 [http-nio-8080-exec-6] com.pramithas.controllers.LoginController  - controller has been called . fuck yeah!!!!!!!!!
INFO    2017-01-03 19:51:57,166 [restartedMain] com.pramithas.configuration.SecurityConfiguration  - configure global security has been called
INFO    2017-01-03 20:04:59,022 [restartedMain] com.pramithas.configuration.SecurityConfiguration  - configure global security has been called
INFO    2017-01-03 20:08:25,227 [restartedMain] com.pramithas.configuration.SecurityConfiguration  - configure global security has been called
INFO    2017-01-03 20:45:14,766 [http-nio-8080-exec-2] com.pramithas.controllers.LoginController  - controller has been called . fuck yeah!!!!!!!!!
INFO    2017-01-03 20:45:17,668 [http-nio-8080-exec-1] com.pramithas.controllers.LoginController  - controller has been called . fuck yeah!!!!!!!!!
INFO    2017-01-03 20:46:28,194 [http-nio-8080-exec-5] com.pramithas.controllers.LoginController  - controller has been called . fuck yeah!!!!!!!!!
INFO    2017-01-03 20:46:30,543 [http-nio-8080-exec-10] com.pramithas.controllers.LoginController  - controller has been called . fuck yeah!!!!!!!!!
INFO    2017-01-03 20:46:31,504 [http-nio-8080-exec-2] com.pramithas.controllers.LoginController  - controller has been called . fuck yeah!!!!!!!!!
INFO    2017-01-03 20:46:31,794 [http-nio-8080-exec-1] com.pramithas.controllers.LoginController  - controller has been called . fuck yeah!!!!!!!!!
INFO    2017-01-03 20:46:31,991 [http-nio-8080-exec-4] com.pramithas.controllers.LoginController  - controller has been called . fuck yeah!!!!!!!!!
INFO    2017-01-03 20:46:32,198 [http-nio-8080-exec-8] com.pramithas.controllers.LoginController  - controller has been called . fuck yeah!!!!!!!!!
INFO    2017-01-03 20:46:32,381 [http-nio-8080-exec-7] com.pramithas.controllers.LoginController  - controller has been called . fuck yeah!!!!!!!!!
INFO    2017-01-03 20:46:40,314 [http-nio-8080-exec-7] com.pramithas.controllers.LoginController  - controller has been called . fuck yeah!!!!!!!!!
INFO    2017-01-03 20:46:49,403 [http-nio-8080-exec-5] com.pramithas.controllers.LoginController  - controller has been called . fuck yeah!!!!!!!!!
INFO    2017-01-03 20:48:24,416 [http-nio-8080-exec-1] com.pramithas.controllers.LoginController  - controller has been called . fuck yeah!!!!!!!!!
INFO    2017-01-03 20:48:27,983 [http-nio-8080-exec-10] com.pramithas.controllers.LoginController  - controller has been called . fuck yeah!!!!!!!!!
INFO    2017-01-03 20:49:24,817 [http-nio-8080-exec-4] com.pramithas.controllers.LoginController  - controller has been called . fuck yeah!!!!!!!!!
INFO    2017-01-03 20:49:29,135 [http-nio-8080-exec-10] com.pramithas.controllers.LoginController  - controller has been called . fuck yeah!!!!!!!!!
INFO    2017-01-03 20:53:13,265 [http-nio-8080-exec-5] com.pramithas.controllers.LoginController  - controller has been called . fuck yeah!!!!!!!!!
INFO    2017-01-03 20:53:14,752 [http-nio-8080-exec-8] com.pramithas.controllers.LoginController  - controller has been called . fuck yeah!!!!!!!!!
INFO    2017-01-03 20:56:19,944 [http-nio-8080-exec-5] com.pramithas.service.CustomUserDetailsService  - WOWWWWWW this method has been called. yeeeeeeeeeeeeeeeeeeeeeeeeeepppiiiiiiiiiiiiieeeeeeeeeeeee
INFO    2017-01-03 20:57:16,087 [http-nio-8080-exec-1] com.pramithas.service.CustomUserDetailsService  - WOWWWWWW this method has been called. yeeeeeeeeeeeeeeeeeeeeeeeeeepppiiiiiiiiiiiiieeeeeeeeeeeee
INFO    2017-01-03 20:58:59,401 [restartedMain] com.pramithas.configuration.SecurityConfiguration  - configure global security has been called
INFO    2017-01-03 21:01:53,187 [restartedMain] com.pramithas.configuration.SecurityConfiguration  - configure global security has been called
INFO    2017-01-03 21:02:34,298 [restartedMain] com.pramithas.configuration.SecurityConfiguration  - configure global security has been called
INFO    2017-01-03 21:02:43,019 [http-nio-8080-exec-4] com.pramithas.service.CustomUserDetailsService  - WOWWWWWW this method has been called. yeeeeeeeeeeeeeeeeeeeeeeeeeepppiiiiiiiiiiiiieeeeeeeeeeeee
INFO    2017-01-03 21:02:43,381 [http-nio-8080-exec-4] com.pramithas.service.CustomUserDetailsService  - And the motherf ucking user is   null
INFO    2017-01-03 21:03:33,631 [http-nio-8080-exec-10] com.pramithas.service.CustomUserDetailsService  - WOWWWWWW this method has been called. yeeeeeeeeeeeeeeeeeeeeeeeeeepppiiiiiiiiiiiiieeeeeeeeeeeee
INFO    2017-01-03 21:03:33,723 [http-nio-8080-exec-10] com.pramithas.service.CustomUserDetailsService  - And the motherf ucking user is   com.pramithas.models.User@7573ce03
INFO    2017-01-03 21:04:09,356 [restartedMain] com.pramithas.configuration.SecurityConfiguration  - configure global security has been called
INFO    2017-01-03 21:04:32,849 [http-nio-8080-exec-7] com.pramithas.service.CustomUserDetailsService  - WOWWWWWW this method has been called. yeeeeeeeeeeeeeeeeeeeeeeeeeepppiiiiiiiiiiiiieeeeeeeeeeeee
INFO    2017-01-03 21:04:32,877 [http-nio-8080-exec-7] com.pramithas.service.CustomUserDetailsService  - And the motherf ucking user is   1
INFO    2017-01-03 21:04:42,150 [http-nio-8080-exec-6] com.pramithas.service.CustomUserDetailsService  - WOWWWWWW this method has been called. yeeeeeeeeeeeeeeeeeeeeeeeeeepppiiiiiiiiiiiiieeeeeeeeeeeee
INFO    2017-01-03 21:04:43,614 [http-nio-8080-exec-1] com.pramithas.service.CustomUserDetailsService  - WOWWWWWW this method has been called. yeeeeeeeeeeeeeeeeeeeeeeeeeepppiiiiiiiiiiiiieeeeeeeeeeeee
INFO    2017-01-03 21:04:43,861 [http-nio-8080-exec-5] com.pramithas.service.CustomUserDetailsService  - WOWWWWWW this method has been called. yeeeeeeeeeeeeeeeeeeeeeeeeeepppiiiiiiiiiiiiieeeeeeeeeeeee
INFO    2017-01-03 21:04:44,082 [http-nio-8080-exec-2] com.pramithas.service.CustomUserDetailsService  - WOWWWWWW this method has been called. yeeeeeeeeeeeeeeeeeeeeeeeeeepppiiiiiiiiiiiiieeeeeeeeeeeee
INFO    2017-01-03 21:04:44,273 [http-nio-8080-exec-9] com.pramithas.service.CustomUserDetailsService  - WOWWWWWW this method has been called. yeeeeeeeeeeeeeeeeeeeeeeeeeepppiiiiiiiiiiiiieeeeeeeeeeeee
INFO    2017-01-03 21:05:19,782 [restartedMain] com.pramithas.configuration.SecurityConfiguration  - configure global security has been called
INFO    2017-01-03 21:07:15,196 [http-nio-8080-exec-2] com.pramithas.service.CustomUserDetailsService  - WOWWWWWW this method has been called. yeeeeeeeeeeeeeeeeeeeeeeeeeepppiiiiiiiiiiiiieeeeeeeeeeeee
INFO    2017-01-03 21:07:15,222 [http-nio-8080-exec-2] com.pramithas.service.CustomUserDetailsService  - And the motherf ucking user is   Pramithas
INFO    2017-01-03 21:07:26,470 [http-nio-8080-exec-6] com.pramithas.service.CustomUserDetailsService  - WOWWWWWW this method has been called. yeeeeeeeeeeeeeeeeeeeeeeeeeepppiiiiiiiiiiiiieeeeeeeeeeeee
INFO    2017-01-03 21:07:27,023 [http-nio-8080-exec-1] com.pramithas.service.CustomUserDetailsService  - WOWWWWWW this method has been called. yeeeeeeeeeeeeeeeeeeeeeeeeeepppiiiiiiiiiiiiieeeeeeeeeeeee
INFO    2017-01-03 21:08:10,992 [http-nio-8080-exec-8] com.pramithas.service.CustomUserDetailsService  - WOWWWWWW this method has been called. yeeeeeeeeeeeeeeeeeeeeeeeeeepppiiiiiiiiiiiiieeeeeeeeeeeee
INFO    2017-01-03 21:08:11,013 [http-nio-8080-exec-8] com.pramithas.service.CustomUserDetailsService  - And the motherf ucking user is   naveen
INFO    2017-01-03 21:08:20,980 [http-nio-8080-exec-10] com.pramithas.service.CustomUserDetailsService  - WOWWWWWW this method has been called. yeeeeeeeeeeeeeeeeeeeeeeeeeepppiiiiiiiiiiiiieeeeeeeeeeeee
INFO    2017-01-03 21:42:02,604 [restartedMain] com.pramithas.configuration.SecurityConfiguration  - configure global security has been called
INFO    2017-01-03 21:42:33,171 [http-nio-8080-exec-4] com.pramithas.service.CustomUserDetailsService  - WOWWWWWW this method has been called. yeeeeeeeeeeeeeeeeeeeeeeeeeepppiiiiiiiiiiiiieeeeeeeeeeeee
INFO    2017-01-03 21:42:33,679 [http-nio-8080-exec-4] com.pramithas.service.CustomUserDetailsService  - 
INFO    2017-01-03 21:42:50,180 [http-nio-8080-exec-10] com.pramithas.service.CustomUserDetailsService  - WOWWWWWW this method has been called. yeeeeeeeeeeeeeeeeeeeeeeeeeepppiiiiiiiiiiiiieeeeeeeeeeeee
INFO    2017-01-03 21:42:50,187 [http-nio-8080-exec-10] com.pramithas.service.CustomUserDetailsService  - 
INFO    2017-01-03 21:44:08,393 [restartedMain] com.pramithas.configuration.SecurityConfiguration  - configure global security has been called
INFO    2017-01-03 21:45:37,873 [restartedMain] com.pramithas.configuration.SecurityConfiguration  - configure global security has been called
INFO    2017-01-03 21:46:17,876 [http-nio-8080-exec-6] com.pramithas.service.CustomUserDetailsService  - WOWWWWWW this method has been called. yeeeeeeeeeeeeeeeeeeeeeeeeeepppiiiiiiiiiiiiieeeeeeeeeeeee
INFO    2017-01-03 21:46:17,891 [http-nio-8080-exec-6] com.pramithas.service.CustomUserDetailsService  - 
INFO    2017-01-03 21:46:20,130 [http-nio-8080-exec-5] com.pramithas.service.CustomUserDetailsService  - WOWWWWWW this method has been called. yeeeeeeeeeeeeeeeeeeeeeeeeeepppiiiiiiiiiiiiieeeeeeeeeeeee
INFO    2017-01-03 21:46:20,135 [http-nio-8080-exec-5] com.pramithas.service.CustomUserDetailsService  - 
INFO    2017-01-03 21:46:20,478 [http-nio-8080-exec-10] com.pramithas.service.CustomUserDetailsService  - WOWWWWWW this method has been called. yeeeeeeeeeeeeeeeeeeeeeeeeeepppiiiiiiiiiiiiieeeeeeeeeeeee
INFO    2017-01-03 21:46:20,485 [http-nio-8080-exec-10] com.pramithas.service.CustomUserDetailsService  - 
INFO    2017-01-03 21:48:14,540 [restartedMain] com.pramithas.configuration.SecurityConfiguration  - configure global security has been called
INFO    2017-01-03 21:49:45,894 [http-nio-8080-exec-2] com.pramithas.service.CustomUserDetailsService  - WOWWWWWW this method has been called. yeeeeeeeeeeeeeeeeeeeeeeeeeepppiiiiiiiiiiiiieeeeeeeeeeeee
INFO    2017-01-03 21:49:45,919 [http-nio-8080-exec-2] com.pramithas.service.CustomUserDetailsService  - 
INFO    2017-01-03 21:52:13,447 [restartedMain] com.pramithas.configuration.SecurityConfiguration  - configure global security has been called
INFO    2017-01-03 21:54:16,636 [http-nio-8080-exec-10] com.pramithas.service.CustomUserDetailsService  - WOWWWWWW this method has been called. yeeeeeeeeeeeeeeeeeeeeeeeeeepppiiiiiiiiiiiiieeeeeeeeeeeee
INFO    2017-01-03 21:54:16,660 [http-nio-8080-exec-10] com.pramithas.service.CustomUserDetailsService  - 
INFO    2017-01-03 21:54:37,609 [http-nio-8080-exec-6] com.pramithas.service.CustomUserDetailsService  - WOWWWWWW this method has been called. yeeeeeeeeeeeeeeeeeeeeeeeeeepppiiiiiiiiiiiiieeeeeeeeeeeee
INFO    2017-01-03 21:54:37,699 [http-nio-8080-exec-6] com.pramithas.service.CustomUserDetailsService  - com.pramithas.models.User@27f686a9
INFO    2017-01-03 21:54:53,939 [http-nio-8080-exec-1] com.pramithas.service.CustomUserDetailsService  - WOWWWWWW this method has been called. yeeeeeeeeeeeeeeeeeeeeeeeeeepppiiiiiiiiiiiiieeeeeeeeeeeee
INFO    2017-01-03 21:54:53,953 [http-nio-8080-exec-1] com.pramithas.service.CustomUserDetailsService  - com.pramithas.models.User@2b546a0c
INFO    2017-01-03 21:54:54,887 [http-nio-8080-exec-3] com.pramithas.service.CustomUserDetailsService  - WOWWWWWW this method has been called. yeeeeeeeeeeeeeeeeeeeeeeeeeepppiiiiiiiiiiiiieeeeeeeeeeeee
INFO    2017-01-03 21:54:54,893 [http-nio-8080-exec-3] com.pramithas.service.CustomUserDetailsService  - com.pramithas.models.User@5f6efd32
INFO    2017-01-03 21:54:56,053 [http-nio-8080-exec-9] com.pramithas.service.CustomUserDetailsService  - WOWWWWWW this method has been called. yeeeeeeeeeeeeeeeeeeeeeeeeeepppiiiiiiiiiiiiieeeeeeeeeeeee
INFO    2017-01-03 21:54:56,069 [http-nio-8080-exec-9] com.pramithas.service.CustomUserDetailsService  - com.pramithas.models.User@76ed937
INFO    2017-01-03 21:54:57,114 [http-nio-8080-exec-2] com.pramithas.service.CustomUserDetailsService  - WOWWWWWW this method has been called. yeeeeeeeeeeeeeeeeeeeeeeeeeepppiiiiiiiiiiiiieeeeeeeeeeeee
INFO    2017-01-03 21:54:57,127 [http-nio-8080-exec-2] com.pramithas.service.CustomUserDetailsService  - com.pramithas.models.User@30a581ce
INFO    2017-01-03 21:55:00,728 [http-nio-8080-exec-4] com.pramithas.service.CustomUserDetailsService  - WOWWWWWW this method has been called. yeeeeeeeeeeeeeeeeeeeeeeeeeepppiiiiiiiiiiiiieeeeeeeeeeeee
INFO    2017-01-03 21:55:00,750 [http-nio-8080-exec-4] com.pramithas.service.CustomUserDetailsService  - 
INFO    2017-01-03 21:55:01,697 [http-nio-8080-exec-7] com.pramithas.service.CustomUserDetailsService  - WOWWWWWW this method has been called. yeeeeeeeeeeeeeeeeeeeeeeeeeepppiiiiiiiiiiiiieeeeeeeeeeeee
INFO    2017-01-03 21:55:01,710 [http-nio-8080-exec-7] com.pramithas.service.CustomUserDetailsService  - 
INFO    2017-01-03 22:01:33,391 [http-nio-8080-exec-3] com.pramithas.service.CustomUserDetailsService  - WOWWWWWW this method has been called. yeeeeeeeeeeeeeeeeeeeeeeeeeepppiiiiiiiiiiiiieeeeeeeeeeeee
INFO    2017-01-03 22:01:33,420 [http-nio-8080-exec-3] com.pramithas.service.CustomUserDetailsService  - 
INFO    2017-01-03 22:01:40,610 [http-nio-8080-exec-6] com.pramithas.service.CustomUserDetailsService  - WOWWWWWW this method has been called. yeeeeeeeeeeeeeeeeeeeeeeeeeepppiiiiiiiiiiiiieeeeeeeeeeeee
INFO    2017-01-03 22:01:40,621 [http-nio-8080-exec-6] com.pramithas.service.CustomUserDetailsService  - 
INFO    2017-01-03 22:02:41,557 [restartedMain] com.pramithas.configuration.SecurityConfiguration  - configure global security has been called
INFO    2017-01-04 13:25:54,883 [restartedMain] com.pramithas.configuration.SecurityConfiguration  - configure global security has been called
INFO    2017-01-04 13:32:21,673 [http-nio-8080-exec-2] com.pramithas.service.CustomUserDetailsService  - WOWWWWWW this method has been called. yeeeeeeeeeeeeeeeeeeeeeeeeeepppiiiiiiiiiiiiieeeeeeeeeeeee
INFO    2017-01-04 13:32:22,131 [http-nio-8080-exec-2] com.pramithas.service.CustomUserDetailsService  - 
INFO    2017-01-04 13:32:22,134 [http-nio-8080-exec-2] com.pramithas.service.RestAuthenticationFailureHandler  - authentication failure called owoooooooooooowwwwwwwwwww
INFO    2017-01-04 13:32:25,013 [http-nio-8080-exec-7] com.pramithas.service.CustomUserDetailsService  - WOWWWWWW this method has been called. yeeeeeeeeeeeeeeeeeeeeeeeeeepppiiiiiiiiiiiiieeeeeeeeeeeee
INFO    2017-01-04 13:32:25,030 [http-nio-8080-exec-7] com.pramithas.service.CustomUserDetailsService  - 
INFO    2017-01-04 13:32:25,031 [http-nio-8080-exec-7] com.pramithas.service.RestAuthenticationFailureHandler  - authentication failure called owoooooooooooowwwwwwwwwww
INFO    2017-01-04 13:33:20,070 [http-nio-8080-exec-3] com.pramithas.service.CustomUserDetailsService  - WOWWWWWW this method has been called. yeeeeeeeeeeeeeeeeeeeeeeeeeepppiiiiiiiiiiiiieeeeeeeeeeeee
INFO    2017-01-04 13:33:20,263 [http-nio-8080-exec-3] com.pramithas.service.CustomUserDetailsService  - com.pramithas.models.User@837a580
INFO    2017-01-04 13:33:20,517 [http-nio-8080-exec-3] com.pramithas.service.RestAuthenticationFailureHandler  - authentication failure called owoooooooooooowwwwwwwwwww
INFO    2017-01-04 13:38:40,867 [http-nio-8080-exec-1] com.pramithas.service.CustomUserDetailsService  - WOWWWWWW this method has been called. yeeeeeeeeeeeeeeeeeeeeeeeeeepppiiiiiiiiiiiiieeeeeeeeeeeee
INFO    2017-01-04 13:38:40,896 [http-nio-8080-exec-1] com.pramithas.service.CustomUserDetailsService  - com.pramithas.models.User@4f2e2594
INFO    2017-01-04 13:39:00,152 [http-nio-8080-exec-3] com.pramithas.service.CustomUserDetailsService  - WOWWWWWW this method has been called. yeeeeeeeeeeeeeeeeeeeeeeeeeepppiiiiiiiiiiiiieeeeeeeeeeeee
INFO    2017-01-04 13:39:00,157 [http-nio-8080-exec-3] com.pramithas.service.CustomUserDetailsService  - com.pramithas.models.User@71230343
INFO    2017-01-04 13:51:59,508 [http-nio-8080-exec-3] com.pramithas.service.CustomUserDetailsService  - WOWWWWWW this method has been called. yeeeeeeeeeeeeeeeeeeeeeeeeeepppiiiiiiiiiiiiieeeeeeeeeeeee
INFO    2017-01-04 13:51:59,722 [http-nio-8080-exec-3] com.pramithas.service.CustomUserDetailsService  - com.pramithas.models.User@4baf2d48
INFO    2017-01-04 13:56:50,567 [http-nio-8080-exec-9] com.pramithas.service.CustomUserDetailsService  - WOWWWWWW this method has been called. yeeeeeeeeeeeeeeeeeeeeeeeeeepppiiiiiiiiiiiiieeeeeeeeeeeee
INFO    2017-01-04 13:56:50,574 [http-nio-8080-exec-9] com.pramithas.service.CustomUserDetailsService  - com.pramithas.models.User@696898f2
INFO    2017-01-04 13:58:00,119 [http-nio-8080-exec-4] com.pramithas.service.CustomUserDetailsService  - WOWWWWWW this method has been called. yeeeeeeeeeeeeeeeeeeeeeeeeeepppiiiiiiiiiiiiieeeeeeeeeeeee
INFO    2017-01-04 13:58:00,131 [http-nio-8080-exec-4] com.pramithas.service.CustomUserDetailsService  - com.pramithas.models.User@7098bfb2
INFO    2017-01-04 13:58:00,139 [http-nio-8080-exec-4] com.pramithas.service.RestAuthenticationFailureHandler  - authentication failure called owoooooooooooowwwwwwwwwww
INFO    2017-01-04 13:58:05,207 [http-nio-8080-exec-10] com.pramithas.service.CustomUserDetailsService  - WOWWWWWW this method has been called. yeeeeeeeeeeeeeeeeeeeeeeeeeepppiiiiiiiiiiiiieeeeeeeeeeeee
INFO    2017-01-04 13:58:05,218 [http-nio-8080-exec-10] com.pramithas.service.CustomUserDetailsService  - com.pramithas.models.User@9423b3a
INFO    2017-01-04 14:00:18,691 [http-nio-8080-exec-7] com.pramithas.service.CustomUserDetailsService  - WOWWWWWW this method has been called. yeeeeeeeeeeeeeeeeeeeeeeeeeepppiiiiiiiiiiiiieeeeeeeeeeeee
INFO    2017-01-04 14:00:18,701 [http-nio-8080-exec-7] com.pramithas.service.CustomUserDetailsService  - 
INFO    2017-01-04 14:00:18,702 [http-nio-8080-exec-7] com.pramithas.service.RestAuthenticationFailureHandler  - authentication failure called owoooooooooooowwwwwwwwwww
INFO    2017-01-04 14:00:22,753 [http-nio-8080-exec-8] com.pramithas.service.CustomUserDetailsService  - WOWWWWWW this method has been called. yeeeeeeeeeeeeeeeeeeeeeeeeeepppiiiiiiiiiiiiieeeeeeeeeeeee
INFO    2017-01-04 14:00:22,766 [http-nio-8080-exec-8] com.pramithas.service.CustomUserDetailsService  - com.pramithas.models.User@3c8de345
INFO    2017-01-04 14:41:00,319 [http-nio-8080-exec-6] com.pramithas.service.CustomUserDetailsService  - WOWWWWWW this method has been called. yeeeeeeeeeeeeeeeeeeeeeeeeeepppiiiiiiiiiiiiieeeeeeeeeeeee
INFO    2017-01-04 14:41:01,002 [http-nio-8080-exec-6] com.pramithas.service.CustomUserDetailsService  - com.pramithas.models.User@5cdfee14
INFO    2017-01-04 14:41:36,838 [http-nio-8080-exec-5] com.pramithas.service.CustomUserDetailsService  - WOWWWWWW this method has been called. yeeeeeeeeeeeeeeeeeeeeeeeeeepppiiiiiiiiiiiiieeeeeeeeeeeee
INFO    2017-01-04 14:41:36,848 [http-nio-8080-exec-5] com.pramithas.service.CustomUserDetailsService  - com.pramithas.models.User@3a2244c6
INFO    2017-01-04 14:41:57,342 [http-nio-8080-exec-1] com.pramithas.service.CustomUserDetailsService  - WOWWWWWW this method has been called. yeeeeeeeeeeeeeeeeeeeeeeeeeepppiiiiiiiiiiiiieeeeeeeeeeeee
INFO    2017-01-04 14:41:57,355 [http-nio-8080-exec-1] com.pramithas.service.CustomUserDetailsService  - com.pramithas.models.User@6d263f59
INFO    2017-01-04 14:45:06,997 [http-nio-8080-exec-9] com.pramithas.service.CustomUserDetailsService  - WOWWWWWW this method has been called. yeeeeeeeeeeeeeeeeeeeeeeeeeepppiiiiiiiiiiiiieeeeeeeeeeeee
INFO    2017-01-04 14:45:07,010 [http-nio-8080-exec-9] com.pramithas.service.CustomUserDetailsService  - com.pramithas.models.User@5dffc5e5
INFO    2017-01-04 14:46:10,564 [http-nio-8080-exec-7] com.pramithas.service.CustomUserDetailsService  - WOWWWWWW this method has been called. yeeeeeeeeeeeeeeeeeeeeeeeeeepppiiiiiiiiiiiiieeeeeeeeeeeee
INFO    2017-01-04 14:46:10,576 [http-nio-8080-exec-7] com.pramithas.service.CustomUserDetailsService  - com.pramithas.models.User@7895572a
INFO    2017-01-04 14:50:13,241 [http-nio-8080-exec-1] com.pramithas.service.CustomUserDetailsService  - WOWWWWWW this method has been called. yeeeeeeeeeeeeeeeeeeeeeeeeeepppiiiiiiiiiiiiieeeeeeeeeeeee
INFO    2017-01-04 14:50:13,251 [http-nio-8080-exec-1] com.pramithas.service.CustomUserDetailsService  - com.pramithas.models.User@626dc6c6
INFO    2017-01-04 14:53:10,623 [http-nio-8080-exec-9] com.pramithas.service.CustomUserDetailsService  - WOWWWWWW this method has been called. yeeeeeeeeeeeeeeeeeeeeeeeeeepppiiiiiiiiiiiiieeeeeeeeeeeee
INFO    2017-01-04 14:53:10,632 [http-nio-8080-exec-9] com.pramithas.service.CustomUserDetailsService  - com.pramithas.models.User@44f3fb22
INFO    2017-01-04 15:31:45,103 [http-nio-8080-exec-4] com.pramithas.service.CustomUserDetailsService  - WOWWWWWW this method has been called. yeeeeeeeeeeeeeeeeeeeeeeeeeepppiiiiiiiiiiiiieeeeeeeeeeeee
INFO    2017-01-04 15:31:45,232 [http-nio-8080-exec-4] com.pramithas.service.CustomUserDetailsService  - com.pramithas.models.User@53c76764
INFO    2017-01-04 15:35:50,584 [http-nio-8080-exec-5] com.pramithas.service.CustomUserDetailsService  - WOWWWWWW this method has been called. yeeeeeeeeeeeeeeeeeeeeeeeeeepppiiiiiiiiiiiiieeeeeeeeeeeee
INFO    2017-01-04 15:35:50,600 [http-nio-8080-exec-5] com.pramithas.service.CustomUserDetailsService  - com.pramithas.models.User@9005140
INFO    2017-01-04 15:46:03,674 [http-nio-8080-exec-1] com.pramithas.service.CustomUserDetailsService  - WOWWWWWW this method has been called. yeeeeeeeeeeeeeeeeeeeeeeeeeepppiiiiiiiiiiiiieeeeeeeeeeeee
INFO    2017-01-04 15:46:03,925 [http-nio-8080-exec-1] com.pramithas.service.CustomUserDetailsService  - com.pramithas.models.User@58abc463
INFO    2017-01-04 15:52:22,569 [http-nio-8080-exec-3] com.pramithas.service.CustomUserDetailsService  - WOWWWWWW this method has been called. yeeeeeeeeeeeeeeeeeeeeeeeeeepppiiiiiiiiiiiiieeeeeeeeeeeee
INFO    2017-01-04 15:52:22,587 [http-nio-8080-exec-3] com.pramithas.service.CustomUserDetailsService  - com.pramithas.models.User@5e6c3157
INFO    2017-01-04 15:53:22,704 [http-nio-8080-exec-3] com.pramithas.service.CustomUserDetailsService  - WOWWWWWW this method has been called. yeeeeeeeeeeeeeeeeeeeeeeeeeepppiiiiiiiiiiiiieeeeeeeeeeeee
INFO    2017-01-04 15:53:22,713 [http-nio-8080-exec-3] com.pramithas.service.CustomUserDetailsService  - com.pramithas.models.User@10f93e5d
INFO    2017-01-04 15:53:43,817 [http-nio-8080-exec-8] com.pramithas.service.CustomUserDetailsService  - WOWWWWWW this method has been called. yeeeeeeeeeeeeeeeeeeeeeeeeeepppiiiiiiiiiiiiieeeeeeeeeeeee
INFO    2017-01-04 15:53:43,832 [http-nio-8080-exec-8] com.pramithas.service.CustomUserDetailsService  - com.pramithas.models.User@78b6ca8
INFO    2017-01-04 15:54:08,168 [http-nio-8080-exec-3] com.pramithas.service.CustomUserDetailsService  - WOWWWWWW this method has been called. yeeeeeeeeeeeeeeeeeeeeeeeeeepppiiiiiiiiiiiiieeeeeeeeeeeee
INFO    2017-01-04 15:54:08,185 [http-nio-8080-exec-3] com.pramithas.service.CustomUserDetailsService  - 
INFO    2017-01-04 15:54:08,211 [http-nio-8080-exec-3] com.pramithas.service.RestAuthenticationFailureHandler  - authentication failure called owoooooooooooowwwwwwwwwww
INFO    2017-01-04 15:54:09,761 [http-nio-8080-exec-8] com.pramithas.service.CustomUserDetailsService  - WOWWWWWW this method has been called. yeeeeeeeeeeeeeeeeeeeeeeeeeepppiiiiiiiiiiiiieeeeeeeeeeeee
INFO    2017-01-04 15:54:09,781 [http-nio-8080-exec-8] com.pramithas.service.CustomUserDetailsService  - 
INFO    2017-01-04 15:54:09,781 [http-nio-8080-exec-8] com.pramithas.service.RestAuthenticationFailureHandler  - authentication failure called owoooooooooooowwwwwwwwwww
INFO    2017-01-04 15:54:14,756 [http-nio-8080-exec-7] com.pramithas.service.CustomUserDetailsService  - WOWWWWWW this method has been called. yeeeeeeeeeeeeeeeeeeeeeeeeeepppiiiiiiiiiiiiieeeeeeeeeeeee
INFO    2017-01-04 15:54:14,775 [http-nio-8080-exec-7] com.pramithas.service.CustomUserDetailsService  - com.pramithas.models.User@6c776d99
INFO    2017-01-04 15:56:04,891 [http-nio-8080-exec-3] com.pramithas.service.CustomUserDetailsService  - WOWWWWWW this method has been called. yeeeeeeeeeeeeeeeeeeeeeeeeeepppiiiiiiiiiiiiieeeeeeeeeeeee
INFO    2017-01-04 15:56:04,905 [http-nio-8080-exec-3] com.pramithas.service.CustomUserDetailsService  - com.pramithas.models.User@2e4bd7e2
INFO    2017-01-04 15:56:49,727 [http-nio-8080-exec-10] com.pramithas.service.CustomUserDetailsService  - WOWWWWWW this method has been called. yeeeeeeeeeeeeeeeeeeeeeeeeeepppiiiiiiiiiiiiieeeeeeeeeeeee
INFO    2017-01-04 15:56:49,738 [http-nio-8080-exec-10] com.pramithas.service.CustomUserDetailsService  - com.pramithas.models.User@1aec66f7
INFO    2017-01-04 16:06:35,948 [http-nio-8080-exec-9] com.pramithas.service.CustomUserDetailsService  - WOWWWWWW this method has been called. yeeeeeeeeeeeeeeeeeeeeeeeeeepppiiiiiiiiiiiiieeeeeeeeeeeee
INFO    2017-01-04 16:06:35,991 [http-nio-8080-exec-9] com.pramithas.service.CustomUserDetailsService  - com.pramithas.models.User@da0ddc7
INFO    2017-01-04 16:08:14,965 [http-nio-8080-exec-3] com.pramithas.service.CustomUserDetailsService  - WOWWWWWW this method has been called. yeeeeeeeeeeeeeeeeeeeeeeeeeepppiiiiiiiiiiiiieeeeeeeeeeeee
INFO    2017-01-04 16:08:14,971 [http-nio-8080-exec-3] com.pramithas.service.CustomUserDetailsService  - com.pramithas.models.User@4d505260
INFO    2017-01-04 16:23:25,963 [http-nio-8080-exec-7] com.pramithas.service.CustomUserDetailsService  - WOWWWWWW this method has been called. yeeeeeeeeeeeeeeeeeeeeeeeeeepppiiiiiiiiiiiiieeeeeeeeeeeee
INFO    2017-01-04 16:23:26,159 [http-nio-8080-exec-7] com.pramithas.service.CustomUserDetailsService  - com.pramithas.models.User@4e8a10a5
INFO    2017-01-04 16:37:42,533 [http-nio-8080-exec-7] com.pramithas.service.CustomUserDetailsService  - WOWWWWWW this method has been called. yeeeeeeeeeeeeeeeeeeeeeeeeeepppiiiiiiiiiiiiieeeeeeeeeeeee
INFO    2017-01-04 16:37:42,547 [http-nio-8080-exec-7] com.pramithas.service.CustomUserDetailsService  - com.pramithas.models.User@534b72bd
INFO    2017-01-04 16:43:40,807 [http-nio-8080-exec-8] com.pramithas.service.CustomUserDetailsService  - WOWWWWWW this method has been called. yeeeeeeeeeeeeeeeeeeeeeeeeeepppiiiiiiiiiiiiieeeeeeeeeeeee
INFO    2017-01-04 16:43:40,813 [http-nio-8080-exec-8] com.pramithas.service.CustomUserDetailsService  - com.pramithas.models.User@56725742
INFO    2017-01-04 16:43:40,819 [http-nio-8080-exec-8] com.pramithas.service.RestAuthenticationFailureHandler  - authentication failure called owoooooooooooowwwwwwwwwww
INFO    2017-01-04 16:43:57,121 [http-nio-8080-exec-10] com.pramithas.service.CustomUserDetailsService  - WOWWWWWW this method has been called. yeeeeeeeeeeeeeeeeeeeeeeeeeepppiiiiiiiiiiiiieeeeeeeeeeeee
INFO    2017-01-04 16:43:57,134 [http-nio-8080-exec-10] com.pramithas.service.CustomUserDetailsService  - com.pramithas.models.User@535f98bc
INFO    2017-01-04 16:43:57,142 [http-nio-8080-exec-10] com.pramithas.service.RestAuthenticationFailureHandler  - authentication failure called owoooooooooooowwwwwwwwwww
INFO    2017-01-04 16:43:58,046 [http-nio-8080-exec-1] com.pramithas.service.CustomUserDetailsService  - WOWWWWWW this method has been called. yeeeeeeeeeeeeeeeeeeeeeeeeeepppiiiiiiiiiiiiieeeeeeeeeeeee
INFO    2017-01-04 16:43:58,059 [http-nio-8080-exec-1] com.pramithas.service.CustomUserDetailsService  - com.pramithas.models.User@4b0a0ff2
INFO    2017-01-04 16:43:58,067 [http-nio-8080-exec-1] com.pramithas.service.RestAuthenticationFailureHandler  - authentication failure called owoooooooooooowwwwwwwwwww
INFO    2017-01-04 16:45:53,633 [http-nio-8080-exec-10] com.pramithas.service.CustomUserDetailsService  - WOWWWWWW this method has been called. yeeeeeeeeeeeeeeeeeeeeeeeeeepppiiiiiiiiiiiiieeeeeeeeeeeee
INFO    2017-01-04 16:45:53,652 [http-nio-8080-exec-10] com.pramithas.service.CustomUserDetailsService  - com.pramithas.models.User@7275ca14
INFO    2017-01-04 16:45:53,671 [http-nio-8080-exec-10] com.pramithas.service.RestAuthenticationFailureHandler  - authentication failure called owoooooooooooowwwwwwwwwww
INFO    2017-01-04 16:45:58,468 [http-nio-8080-exec-8] com.pramithas.service.CustomUserDetailsService  - WOWWWWWW this method has been called. yeeeeeeeeeeeeeeeeeeeeeeeeeepppiiiiiiiiiiiiieeeeeeeeeeeee
INFO    2017-01-04 16:45:58,482 [http-nio-8080-exec-8] com.pramithas.service.CustomUserDetailsService  - com.pramithas.models.User@ca791fd
INFO    2017-01-04 16:46:20,678 [http-nio-8080-exec-3] com.pramithas.service.CustomUserDetailsService  - WOWWWWWW this method has been called. yeeeeeeeeeeeeeeeeeeeeeeeeeepppiiiiiiiiiiiiieeeeeeeeeeeee
INFO    2017-01-04 16:46:20,689 [http-nio-8080-exec-3] com.pramithas.service.CustomUserDetailsService  - com.pramithas.models.User@60f20f1f
INFO    2017-01-04 16:50:44,964 [http-nio-8080-exec-10] com.pramithas.service.CustomUserDetailsService  - WOWWWWWW this method has been called. yeeeeeeeeeeeeeeeeeeeeeeeeeepppiiiiiiiiiiiiieeeeeeeeeeeee
INFO    2017-01-04 16:50:44,972 [http-nio-8080-exec-10] com.pramithas.service.CustomUserDetailsService  - com.pramithas.models.User@4ee72992
INFO    2017-01-04 17:05:54,435 [http-nio-8080-exec-6] com.pramithas.service.CustomUserDetailsService  - WOWWWWWW this method has been called. yeeeeeeeeeeeeeeeeeeeeeeeeeepppiiiiiiiiiiiiieeeeeeeeeeeee
INFO    2017-01-04 17:05:54,444 [http-nio-8080-exec-6] com.pramithas.service.CustomUserDetailsService  - com.pramithas.models.User@569f0fd4
INFO    2017-01-04 17:09:10,313 [http-nio-8080-exec-3] com.pramithas.service.CustomUserDetailsService  - WOWWWWWW this method has been called. yeeeeeeeeeeeeeeeeeeeeeeeeeepppiiiiiiiiiiiiieeeeeeeeeeeee
INFO    2017-01-04 17:09:10,323 [http-nio-8080-exec-3] com.pramithas.service.CustomUserDetailsService  - com.pramithas.models.User@7b38a8ac
INFO    2017-01-04 17:25:29,074 [http-nio-8080-exec-1] com.pramithas.service.CustomUserDetailsService  - WOWWWWWW this method has been called. yeeeeeeeeeeeeeeeeeeeeeeeeeepppiiiiiiiiiiiiieeeeeeeeeeeee
INFO    2017-01-04 17:25:29,118 [http-nio-8080-exec-1] com.pramithas.service.CustomUserDetailsService  - com.pramithas.models.User@31e25fcb
INFO    2017-01-04 17:52:24,627 [http-nio-8080-exec-4] com.pramithas.service.CustomUserDetailsService  - WOWWWWWW this method has been called. yeeeeeeeeeeeeeeeeeeeeeeeeeepppiiiiiiiiiiiiieeeeeeeeeeeee
INFO    2017-01-04 17:52:24,667 [http-nio-8080-exec-4] com.pramithas.service.CustomUserDetailsService  - com.pramithas.models.User@3784f3a8
INFO    2017-01-04 18:00:19,367 [http-nio-8080-exec-3] com.pramithas.service.CustomUserDetailsService  - WOWWWWWW this method has been called. yeeeeeeeeeeeeeeeeeeeeeeeeeepppiiiiiiiiiiiiieeeeeeeeeeeee
INFO    2017-01-04 18:00:19,425 [http-nio-8080-exec-3] com.pramithas.service.CustomUserDetailsService  - com.pramithas.models.User@4b1b6b4d
INFO    2017-01-04 18:00:52,171 [http-nio-8080-exec-6] com.pramithas.service.CustomUserDetailsService  - WOWWWWWW this method has been called. yeeeeeeeeeeeeeeeeeeeeeeeeeepppiiiiiiiiiiiiieeeeeeeeeeeee
INFO    2017-01-04 18:00:52,190 [http-nio-8080-exec-6] com.pramithas.service.CustomUserDetailsService  - com.pramithas.models.User@ebb12e5
INFO    2017-01-04 18:16:36,517 [http-nio-8080-exec-1] com.pramithas.service.CustomUserDetailsService  - WOWWWWWW this method has been called. yeeeeeeeeeeeeeeeeeeeeeeeeeepppiiiiiiiiiiiiieeeeeeeeeeeee
INFO    2017-01-04 18:16:36,533 [http-nio-8080-exec-1] com.pramithas.service.CustomUserDetailsService  - com.pramithas.models.User@6a33de16
INFO    2017-01-04 18:19:50,359 [http-nio-8080-exec-8] com.pramithas.service.CustomUserDetailsService  - WOWWWWWW this method has been called. yeeeeeeeeeeeeeeeeeeeeeeeeeepppiiiiiiiiiiiiieeeeeeeeeeeee
INFO    2017-01-04 18:19:50,367 [http-nio-8080-exec-8] com.pramithas.service.CustomUserDetailsService  - com.pramithas.models.User@a340a63
INFO    2017-01-04 18:20:18,812 [http-nio-8080-exec-3] com.pramithas.service.CustomUserDetailsService  - WOWWWWWW this method has been called. yeeeeeeeeeeeeeeeeeeeeeeeeeepppiiiiiiiiiiiiieeeeeeeeeeeee
INFO    2017-01-04 18:20:18,820 [http-nio-8080-exec-3] com.pramithas.service.CustomUserDetailsService  - com.pramithas.models.User@2e116148
INFO    2017-01-04 18:20:33,957 [http-nio-8080-exec-2] com.pramithas.service.CustomUserDetailsService  - WOWWWWWW this method has been called. yeeeeeeeeeeeeeeeeeeeeeeeeeepppiiiiiiiiiiiiieeeeeeeeeeeee
INFO    2017-01-04 18:20:33,965 [http-nio-8080-exec-2] com.pramithas.service.CustomUserDetailsService  - com.pramithas.models.User@1b6a299e
INFO    2017-01-04 21:35:53,484 [http-nio-8080-exec-6] com.pramithas.service.CustomUserDetailsService  - WOWWWWWW this method has been called. yeeeeeeeeeeeeeeeeeeeeeeeeeepppiiiiiiiiiiiiieeeeeeeeeeeee
INFO    2017-01-04 21:35:53,572 [http-nio-8080-exec-6] com.pramithas.service.CustomUserDetailsService  - com.pramithas.models.User@69048412
INFO    2017-01-04 21:35:53,715 [http-nio-8080-exec-6] com.pramithas.service.RestAuthenticationFailureHandler  - authentication failure called owoooooooooooowwwwwwwwwww
INFO    2017-01-04 21:36:02,387 [http-nio-8080-exec-1] com.pramithas.service.CustomUserDetailsService  - WOWWWWWW this method has been called. yeeeeeeeeeeeeeeeeeeeeeeeeeepppiiiiiiiiiiiiieeeeeeeeeeeee
INFO    2017-01-04 21:36:02,399 [http-nio-8080-exec-1] com.pramithas.service.CustomUserDetailsService  - com.pramithas.models.User@35f1e7bf
INFO    2017-01-04 22:01:43,962 [http-nio-8080-exec-9] com.pramithas.service.CustomUserDetailsService  - WOWWWWWW this method has been called. yeeeeeeeeeeeeeeeeeeeeeeeeeepppiiiiiiiiiiiiieeeeeeeeeeeee
INFO    2017-01-04 22:01:44,184 [http-nio-8080-exec-9] com.pramithas.service.CustomUserDetailsService  - com.pramithas.models.User@3e0fedc6
INFO    2017-01-04 22:01:44,210 [http-nio-8080-exec-9] com.pramithas.service.RestAuthenticationFailureHandler  - authentication failure called owoooooooooooowwwwwwwwwww
INFO    2017-01-04 22:01:49,692 [http-nio-8080-exec-3] com.pramithas.service.CustomUserDetailsService  - WOWWWWWW this method has been called. yeeeeeeeeeeeeeeeeeeeeeeeeeepppiiiiiiiiiiiiieeeeeeeeeeeee
INFO    2017-01-04 22:01:49,703 [http-nio-8080-exec-3] com.pramithas.service.CustomUserDetailsService  - com.pramithas.models.User@448e9fed
INFO    2017-01-04 22:01:49,708 [http-nio-8080-exec-3] com.pramithas.service.RestAuthenticationFailureHandler  - authentication failure called owoooooooooooowwwwwwwwwww
INFO    2017-01-04 22:01:53,364 [http-nio-8080-exec-2] com.pramithas.service.CustomUserDetailsService  - WOWWWWWW this method has been called. yeeeeeeeeeeeeeeeeeeeeeeeeeepppiiiiiiiiiiiiieeeeeeeeeeeee
INFO    2017-01-04 22:01:53,375 [http-nio-8080-exec-2] com.pramithas.service.CustomUserDetailsService  - com.pramithas.models.User@5fa8f3d9
INFO    2017-01-04 22:01:53,379 [http-nio-8080-exec-2] com.pramithas.service.RestAuthenticationFailureHandler  - authentication failure called owoooooooooooowwwwwwwwwww
INFO    2017-01-04 22:02:01,740 [http-nio-8080-exec-10] com.pramithas.service.CustomUserDetailsService  - WOWWWWWW this method has been called. yeeeeeeeeeeeeeeeeeeeeeeeeeepppiiiiiiiiiiiiieeeeeeeeeeeee
INFO    2017-01-04 22:02:01,748 [http-nio-8080-exec-10] com.pramithas.service.CustomUserDetailsService  - com.pramithas.models.User@7ee1d3e
INFO    2017-01-04 22:02:01,753 [http-nio-8080-exec-10] com.pramithas.service.RestAuthenticationFailureHandler  - authentication failure called owoooooooooooowwwwwwwwwww
INFO    2017-01-04 22:02:16,641 [http-nio-8080-exec-6] com.pramithas.service.CustomUserDetailsService  - WOWWWWWW this method has been called. yeeeeeeeeeeeeeeeeeeeeeeeeeepppiiiiiiiiiiiiieeeeeeeeeeeee
INFO    2017-01-04 22:02:16,658 [http-nio-8080-exec-6] com.pramithas.service.CustomUserDetailsService  - com.pramithas.models.User@4a56ca73
INFO    2017-01-04 22:02:16,664 [http-nio-8080-exec-6] com.pramithas.service.RestAuthenticationFailureHandler  - authentication failure called owoooooooooooowwwwwwwwwww
INFO    2017-01-04 22:02:28,214 [http-nio-8080-exec-4] com.pramithas.service.CustomUserDetailsService  - WOWWWWWW this method has been called. yeeeeeeeeeeeeeeeeeeeeeeeeeepppiiiiiiiiiiiiieeeeeeeeeeeee
INFO    2017-01-04 22:02:28,218 [http-nio-8080-exec-4] com.pramithas.service.CustomUserDetailsService  - com.pramithas.models.User@64026c00
INFO    2017-01-04 22:02:35,444 [http-nio-8080-exec-10] com.pramithas.service.CustomUserDetailsService  - WOWWWWWW this method has been called. yeeeeeeeeeeeeeeeeeeeeeeeeeepppiiiiiiiiiiiiieeeeeeeeeeeee
INFO    2017-01-04 22:02:35,447 [http-nio-8080-exec-10] com.pramithas.service.CustomUserDetailsService  - com.pramithas.models.User@50ac2c82
INFO    2017-01-04 22:02:35,453 [http-nio-8080-exec-10] com.pramithas.service.RestAuthenticationFailureHandler  - authentication failure called owoooooooooooowwwwwwwwwww
INFO    2017-01-04 22:02:39,210 [http-nio-8080-exec-7] com.pramithas.service.CustomUserDetailsService  - WOWWWWWW this method has been called. yeeeeeeeeeeeeeeeeeeeeeeeeeepppiiiiiiiiiiiiieeeeeeeeeeeee
INFO    2017-01-04 22:02:39,219 [http-nio-8080-exec-7] com.pramithas.service.CustomUserDetailsService  - com.pramithas.models.User@af5b151
INFO    2017-01-04 22:04:44,073 [http-nio-8080-exec-9] com.pramithas.service.CustomUserDetailsService  - WOWWWWWW this method has been called. yeeeeeeeeeeeeeeeeeeeeeeeeeepppiiiiiiiiiiiiieeeeeeeeeeeee
INFO    2017-01-04 22:04:44,077 [http-nio-8080-exec-9] com.pramithas.service.CustomUserDetailsService  - 
INFO    2017-01-04 22:04:44,078 [http-nio-8080-exec-9] com.pramithas.service.RestAuthenticationFailureHandler  - authentication failure called owoooooooooooowwwwwwwwwww
INFO    2017-01-04 22:04:48,337 [http-nio-8080-exec-10] com.pramithas.service.CustomUserDetailsService  - WOWWWWWW this method has been called. yeeeeeeeeeeeeeeeeeeeeeeeeeepppiiiiiiiiiiiiieeeeeeeeeeeee
INFO    2017-01-04 22:04:48,349 [http-nio-8080-exec-10] com.pramithas.service.CustomUserDetailsService  - com.pramithas.models.User@1d7c9ee1
INFO    2017-01-04 22:05:10,745 [http-nio-8080-exec-6] com.pramithas.service.CustomUserDetailsService  - WOWWWWWW this method has been called. yeeeeeeeeeeeeeeeeeeeeeeeeeepppiiiiiiiiiiiiieeeeeeeeeeeee
INFO    2017-01-04 22:05:10,753 [http-nio-8080-exec-6] com.pramithas.service.CustomUserDetailsService  - com.pramithas.models.User@25fecb52
INFO    2017-01-04 22:12:15,691 [http-nio-8080-exec-10] com.pramithas.service.CustomUserDetailsService  - WOWWWWWW this method has been called. yeeeeeeeeeeeeeeeeeeeeeeeeeepppiiiiiiiiiiiiieeeeeeeeeeeee
INFO    2017-01-04 22:12:15,802 [http-nio-8080-exec-10] com.pramithas.service.CustomUserDetailsService  - com.pramithas.models.User@49e0c593
INFO    2017-01-04 23:19:55,032 [http-nio-8080-exec-10] com.pramithas.service.CustomUserDetailsService  - WOWWWWWW this method has been called. yeeeeeeeeeeeeeeeeeeeeeeeeeepppiiiiiiiiiiiiieeeeeeeeeeeee
INFO    2017-01-04 23:19:55,137 [http-nio-8080-exec-10] com.pramithas.service.CustomUserDetailsService  - com.pramithas.models.User@5776fc1f
INFO    2017-01-04 23:20:07,856 [http-nio-8080-exec-6] com.pramithas.service.CustomUserDetailsService  - WOWWWWWW this method has been called. yeeeeeeeeeeeeeeeeeeeeeeeeeepppiiiiiiiiiiiiieeeeeeeeeeeee
INFO    2017-01-04 23:20:07,863 [http-nio-8080-exec-6] com.pramithas.service.CustomUserDetailsService  - com.pramithas.models.User@24700be8
INFO    2017-01-04 23:22:47,700 [http-nio-8080-exec-5] com.pramithas.service.CustomUserDetailsService  - WOWWWWWW this method has been called. yeeeeeeeeeeeeeeeeeeeeeeeeeepppiiiiiiiiiiiiieeeeeeeeeeeee
INFO    2017-01-04 23:22:47,704 [http-nio-8080-exec-5] com.pramithas.service.CustomUserDetailsService  - com.pramithas.models.User@43132c7d
INFO    2017-01-04 23:23:46,136 [http-nio-8080-exec-8] com.pramithas.service.CustomUserDetailsService  - WOWWWWWW this method has been called. yeeeeeeeeeeeeeeeeeeeeeeeeeepppiiiiiiiiiiiiieeeeeeeeeeeee
INFO    2017-01-04 23:23:46,143 [http-nio-8080-exec-8] com.pramithas.service.CustomUserDetailsService  - com.pramithas.models.User@3fd9aea1
INFO    2017-01-04 23:24:05,721 [http-nio-8080-exec-6] com.pramithas.service.CustomUserDetailsService  - WOWWWWWW this method has been called. yeeeeeeeeeeeeeeeeeeeeeeeeeepppiiiiiiiiiiiiieeeeeeeeeeeee
INFO    2017-01-04 23:24:05,725 [http-nio-8080-exec-6] com.pramithas.service.CustomUserDetailsService  - com.pramithas.models.User@79efc2ec
INFO    2017-01-04 23:25:10,611 [http-nio-8080-exec-6] com.pramithas.service.CustomUserDetailsService  - WOWWWWWW this method has been called. yeeeeeeeeeeeeeeeeeeeeeeeeeepppiiiiiiiiiiiiieeeeeeeeeeeee
INFO    2017-01-04 23:25:10,615 [http-nio-8080-exec-6] com.pramithas.service.CustomUserDetailsService  - com.pramithas.models.User@5fb09797
INFO    2017-01-04 23:25:37,644 [http-nio-8080-exec-9] com.pramithas.service.CustomUserDetailsService  - WOWWWWWW this method has been called. yeeeeeeeeeeeeeeeeeeeeeeeeeepppiiiiiiiiiiiiieeeeeeeeeeeee
INFO    2017-01-04 23:25:37,658 [http-nio-8080-exec-9] com.pramithas.service.CustomUserDetailsService  - com.pramithas.models.User@597ef206
INFO    2017-01-04 23:25:44,718 [http-nio-8080-exec-7] com.pramithas.service.CustomUserDetailsService  - WOWWWWWW this method has been called. yeeeeeeeeeeeeeeeeeeeeeeeeeepppiiiiiiiiiiiiieeeeeeeeeeeee
INFO    2017-01-04 23:25:44,724 [http-nio-8080-exec-7] com.pramithas.service.CustomUserDetailsService  - com.pramithas.models.User@70cf8550
INFO    2017-01-04 23:25:52,246 [http-nio-8080-exec-7] com.pramithas.service.CustomUserDetailsService  - WOWWWWWW this method has been called. yeeeeeeeeeeeeeeeeeeeeeeeeeepppiiiiiiiiiiiiieeeeeeeeeeeee
INFO    2017-01-04 23:25:52,251 [http-nio-8080-exec-7] com.pramithas.service.CustomUserDetailsService  - com.pramithas.models.User@3c6add40
INFO    2017-01-04 23:27:35,825 [http-nio-8080-exec-5] com.pramithas.service.CustomUserDetailsService  - WOWWWWWW this method has been called. yeeeeeeeeeeeeeeeeeeeeeeeeeepppiiiiiiiiiiiiieeeeeeeeeeeee
INFO    2017-01-04 23:27:35,834 [http-nio-8080-exec-5] com.pramithas.service.CustomUserDetailsService  - com.pramithas.models.User@56961ec6
INFO    2017-01-04 23:28:54,402 [http-nio-8080-exec-3] com.pramithas.service.CustomUserDetailsService  - WOWWWWWW this method has been called. yeeeeeeeeeeeeeeeeeeeeeeeeeepppiiiiiiiiiiiiieeeeeeeeeeeee
INFO    2017-01-04 23:28:54,407 [http-nio-8080-exec-3] com.pramithas.service.CustomUserDetailsService  - com.pramithas.models.User@238d637c
INFO    2017-01-04 23:28:54,410 [http-nio-8080-exec-3] com.pramithas.service.RestAuthenticationFailureHandler  - authentication failure called owoooooooooooowwwwwwwwwww
INFO    2017-01-04 23:28:58,893 [http-nio-8080-exec-5] com.pramithas.service.CustomUserDetailsService  - WOWWWWWW this method has been called. yeeeeeeeeeeeeeeeeeeeeeeeeeepppiiiiiiiiiiiiieeeeeeeeeeeee
INFO    2017-01-04 23:28:58,899 [http-nio-8080-exec-5] com.pramithas.service.CustomUserDetailsService  - com.pramithas.models.User@4a19af6c
INFO    2017-01-05 03:28:35,002 [http-nio-8080-exec-7] com.pramithas.service.CustomUserDetailsService  - WOWWWWWW this method has been called. yeeeeeeeeeeeeeeeeeeeeeeeeeepppiiiiiiiiiiiiieeeeeeeeeeeee
INFO    2017-01-05 03:28:35,016 [http-nio-8080-exec-7] com.pramithas.service.CustomUserDetailsService  - com.pramithas.models.User@5bfd0d6
INFO    2017-01-05 03:28:51,671 [http-nio-8080-exec-10] com.pramithas.service.CustomUserDetailsService  - WOWWWWWW this method has been called. yeeeeeeeeeeeeeeeeeeeeeeeeeepppiiiiiiiiiiiiieeeeeeeeeeeee
INFO    2017-01-05 03:28:51,677 [http-nio-8080-exec-10] com.pramithas.service.CustomUserDetailsService  - com.pramithas.models.User@37af2a77
INFO    2017-01-05 03:29:49,556 [http-nio-8080-exec-3] com.pramithas.service.CustomUserDetailsService  - WOWWWWWW this method has been called. yeeeeeeeeeeeeeeeeeeeeeeeeeepppiiiiiiiiiiiiieeeeeeeeeeeee
INFO    2017-01-05 03:29:49,560 [http-nio-8080-exec-3] com.pramithas.service.CustomUserDetailsService  - com.pramithas.models.User@6cbb774e
INFO    2017-01-05 03:31:31,157 [http-nio-8080-exec-9] com.pramithas.service.CustomUserDetailsService  - WOWWWWWW this method has been called. yeeeeeeeeeeeeeeeeeeeeeeeeeepppiiiiiiiiiiiiieeeeeeeeeeeee
INFO    2017-01-05 03:31:31,161 [http-nio-8080-exec-9] com.pramithas.service.CustomUserDetailsService  - com.pramithas.models.User@3c3a7459
INFO    2017-01-05 03:31:54,774 [http-nio-8080-exec-4] com.pramithas.service.CustomUserDetailsService  - WOWWWWWW this method has been called. yeeeeeeeeeeeeeeeeeeeeeeeeeepppiiiiiiiiiiiiieeeeeeeeeeeee
INFO    2017-01-05 03:31:54,781 [http-nio-8080-exec-4] com.pramithas.service.CustomUserDetailsService  - com.pramithas.models.User@1c6599ce
